   1               		.file	"block_config.c"
   2               	__SP_H__ = 0x3e
   3               	__SP_L__ = 0x3d
   4               	__SREG__ = 0x3f
   5               	__RAMPZ__ = 0x3b
   6               	__CCP__ = 0x34
   7               	__tmp_reg__ = 0
   8               	__zero_reg__ = 1
   9               		.text
  10               	.Ltext0:
  11               	.global	setUID
  13               	setUID:
  14               	.LFB6:
  15               		.file 1 "/home/anaz/blinkyblocks/build/src-bobby/system/block_config.bb"
   1:/home/anaz/blinkyblocks/build/src-bobby/system/block_config.bb **** // block_config.c
   2:/home/anaz/blinkyblocks/build/src-bobby/system/block_config.bb **** //
   3:/home/anaz/blinkyblocks/build/src-bobby/system/block_config.bb **** // Contains block configuration data
   4:/home/anaz/blinkyblocks/build/src-bobby/system/block_config.bb **** 
   5:/home/anaz/blinkyblocks/build/src-bobby/system/block_config.bb **** #ifndef _BLOCK_CONFIG_C_
   6:/home/anaz/blinkyblocks/build/src-bobby/system/block_config.bb **** #define _BLOCK_CONFIG_C_
   7:/home/anaz/blinkyblocks/build/src-bobby/system/block_config.bb **** 
   8:/home/anaz/blinkyblocks/build/src-bobby/system/block_config.bb **** #include "block_config.bbh"
   9:/home/anaz/blinkyblocks/build/src-bobby/system/block_config.bb **** 
  10:/home/anaz/blinkyblocks/build/src-bobby/system/block_config.bb **** threadextern blockConf EEMEM nv_conf;
  11:/home/anaz/blinkyblocks/build/src-bobby/system/block_config.bb **** threadextern blockConf conf;
  12:/home/anaz/blinkyblocks/build/src-bobby/system/block_config.bb **** 
  13:/home/anaz/blinkyblocks/build/src-bobby/system/block_config.bb **** // sets local copy of UID
  14:/home/anaz/blinkyblocks/build/src-bobby/system/block_config.bb **** void setUID(uint16_t newID)
  15:/home/anaz/blinkyblocks/build/src-bobby/system/block_config.bb **** {
  16               		.loc 1 15 0
  17               	.LVL0:
  18               	/* prologue: function */
  19               	/* frame size = 0 */
  20               	/* stack size = 0 */
  21               	.L__stack_usage = 0
  16:/home/anaz/blinkyblocks/build/src-bobby/system/block_config.bb ****     conf.UID = newID;
  22               		.loc 1 16 0
  23 0000 8093 0000 		sts conf,r24
  24 0004 9093 0000 		sts conf+1,r25
  25 0008 0895      		ret
  26               	.LFE6:
  28               	.global	setAndStoreUID
  30               	setAndStoreUID:
  31               	.LFB7:
  17:/home/anaz/blinkyblocks/build/src-bobby/system/block_config.bb **** }
  18:/home/anaz/blinkyblocks/build/src-bobby/system/block_config.bb **** 
  19:/home/anaz/blinkyblocks/build/src-bobby/system/block_config.bb **** // sets local copy of UID and stores in EEPROM
  20:/home/anaz/blinkyblocks/build/src-bobby/system/block_config.bb **** void setAndStoreUID(uint16_t newID)
  21:/home/anaz/blinkyblocks/build/src-bobby/system/block_config.bb **** {
  32               		.loc 1 21 0
  33               	.LVL1:
  34               	/* prologue: function */
  35               	/* frame size = 0 */
  36               	/* stack size = 0 */
  37               	.L__stack_usage = 0
  22:/home/anaz/blinkyblocks/build/src-bobby/system/block_config.bb ****     conf.UID = newID;
  38               		.loc 1 22 0
  39 000a 8093 0000 		sts conf,r24
  40 000e 9093 0000 		sts conf+1,r25
  23:/home/anaz/blinkyblocks/build/src-bobby/system/block_config.bb ****     store(&nv_conf, &conf, sizeof(blockConf));
  41               		.loc 1 23 0
  42 0012 44E0      		ldi r20,lo8(4)
  43 0014 50E0      		ldi r21,0
  44 0016 60E0      		ldi r22,lo8(conf)
  45 0018 70E0      		ldi r23,hi8(conf)
  46 001a 80E0      		ldi r24,lo8(nv_conf)
  47 001c 90E0      		ldi r25,hi8(nv_conf)
  48               	.LVL2:
  49 001e 0C94 0000 		jmp store
  50               	.LVL3:
  51               	.LFE7:
  87               	.Letext0:
  88               		.file 2 "/usr/lib/gcc/avr/4.7.2/../../../avr/include/stdint.h"
  89               		.file 3 "/home/anaz/blinkyblocks/build/src-bobby/system/memory.bbh"
  90               		.file 4 "/home/anaz/blinkyblocks/build/src-bobby/system/../hw-api/hwMemory.h"
DEFINED SYMBOLS
                            *ABS*:0000000000000000 block_config.c
/home/anaz/tmp/ccnxyWbJ.s:2      *ABS*:000000000000003e __SP_H__
/home/anaz/tmp/ccnxyWbJ.s:3      *ABS*:000000000000003d __SP_L__
/home/anaz/tmp/ccnxyWbJ.s:4      *ABS*:000000000000003f __SREG__
/home/anaz/tmp/ccnxyWbJ.s:5      *ABS*:000000000000003b __RAMPZ__
/home/anaz/tmp/ccnxyWbJ.s:6      *ABS*:0000000000000034 __CCP__
/home/anaz/tmp/ccnxyWbJ.s:7      *ABS*:0000000000000000 __tmp_reg__
/home/anaz/tmp/ccnxyWbJ.s:8      *ABS*:0000000000000001 __zero_reg__
/home/anaz/tmp/ccnxyWbJ.s:13     .text:0000000000000000 setUID
/home/anaz/tmp/ccnxyWbJ.s:30     .text:000000000000000a setAndStoreUID

UNDEFINED SYMBOLS
conf
nv_conf
store
