   1               		.file	"queues.c"
   2               	__SP_H__ = 0x3e
   3               	__SP_L__ = 0x3d
   4               	__SREG__ = 0x3f
   5               	__RAMPZ__ = 0x3b
   6               	__CCP__ = 0x34
   7               	__tmp_reg__ = 0
   8               	__zero_reg__ = 1
   9               		.text
  10               	.Ltext0:
  11               	.global	retrySend
  13               	retrySend:
  14               	.LFB6:
  15               		.file 1 "/home/anaz/blinkyblocks/build/src-bobby/system/queues.bb"
   1:/home/anaz/blinkyblocks/build/src-bobby/system/queues.bb **** // queues.c
   2:/home/anaz/blinkyblocks/build/src-bobby/system/queues.bb **** //
   3:/home/anaz/blinkyblocks/build/src-bobby/system/queues.bb **** // implementation of the queues
   4:/home/anaz/blinkyblocks/build/src-bobby/system/queues.bb **** 
   5:/home/anaz/blinkyblocks/build/src-bobby/system/queues.bb **** #ifndef _QUEUES_C_
   6:/home/anaz/blinkyblocks/build/src-bobby/system/queues.bb **** #define _QUEUES_C_
   7:/home/anaz/blinkyblocks/build/src-bobby/system/queues.bb **** 
   8:/home/anaz/blinkyblocks/build/src-bobby/system/queues.bb **** #include "queues.bbh"
   9:/home/anaz/blinkyblocks/build/src-bobby/system/queues.bb **** 
  10:/home/anaz/blinkyblocks/build/src-bobby/system/queues.bb **** void retrySend(void)
  11:/home/anaz/blinkyblocks/build/src-bobby/system/queues.bb **** {
  16               		.loc 1 11 0
  17               	/* prologue: function */
  18               	/* frame size = 0 */
  19               	/* stack size = 0 */
  20               	.L__stack_usage = 0
  12:/home/anaz/blinkyblocks/build/src-bobby/system/queues.bb ****     SendChunkQueue* currSq = ((SQTimeout *)thisTimeout)->sq;
  21               		.loc 1 12 0
  22 0000 E091 0000 		lds r30,thisTimeout
  23 0004 F091 0000 		lds r31,thisTimeout+1
  24 0008 0284      		ldd __tmp_reg__,Z+10
  25 000a F385      		ldd r31,Z+11
  26 000c E02D      		mov r30,__tmp_reg__
  27               	.LVL0:
  13:/home/anaz/blinkyblocks/build/src-bobby/system/queues.bb ****     
  14:/home/anaz/blinkyblocks/build/src-bobby/system/queues.bb ****     //Try to resend
  15:/home/anaz/blinkyblocks/build/src-bobby/system/queues.bb ****     currSq->flags |= CLEAR_TO_SEND;
  28               		.loc 1 15 0
  29 000e 8585      		ldd r24,Z+13
  30 0010 8064      		ori r24,lo8(64)
  31 0012 8587      		std Z+13,r24
  32 0014 0895      		ret
  33               	.LFE6:
  61               	.Letext0:
  62               		.file 2 "/usr/lib/gcc/avr/4.7.2/../../../avr/include/stdint.h"
  63               		.file 3 "/home/anaz/blinkyblocks/build/src-bobby/system/defs.bbh"
  64               		.file 4 "/home/anaz/blinkyblocks/build/src-bobby/system/handler.bbh"
  65               		.file 5 "/home/anaz/blinkyblocks/build/src-bobby/system/memory.bbh"
  66               		.file 6 "/home/anaz/blinkyblocks/build/src-bobby/system/hardwaretime.bbh"
  67               		.file 7 "/home/anaz/blinkyblocks/build/src-bobby/system/queues.bbh"
DEFINED SYMBOLS
                            *ABS*:0000000000000000 queues.c
/home/anaz/tmp/ccr914jq.s:2      *ABS*:000000000000003e __SP_H__
/home/anaz/tmp/ccr914jq.s:3      *ABS*:000000000000003d __SP_L__
/home/anaz/tmp/ccr914jq.s:4      *ABS*:000000000000003f __SREG__
/home/anaz/tmp/ccr914jq.s:5      *ABS*:000000000000003b __RAMPZ__
/home/anaz/tmp/ccr914jq.s:6      *ABS*:0000000000000034 __CCP__
/home/anaz/tmp/ccr914jq.s:7      *ABS*:0000000000000000 __tmp_reg__
/home/anaz/tmp/ccr914jq.s:8      *ABS*:0000000000000001 __zero_reg__
/home/anaz/tmp/ccr914jq.s:13     .text:0000000000000000 retrySend

UNDEFINED SYMBOLS
thisTimeout
