   1               		.file	"extern_functions.c"
   2               	__SP_H__ = 0x3e
   3               	__SP_L__ = 0x3d
   4               	__SREG__ = 0x3f
   5               	__RAMPZ__ = 0x3b
   6               	__CCP__ = 0x34
   7               	__tmp_reg__ = 0
   8               	__zero_reg__ = 1
   9               		.text
  10               	.Ltext0:
  11               	.global	blockID
  13               	blockID:
  14               	.LFB12:
  15               		.file 1 "/home/anaz/blinkyblocks/build/src-bobby/meldinterp-runtime/extern_functions.bb"
   1:/home/anaz/blinkyblocks/build/src-bobby/meldinterp-runtime/extern_functions.bb **** #include "extern_functions.bbh"
   2:/home/anaz/blinkyblocks/build/src-bobby/meldinterp-runtime/extern_functions.bb **** #include "list_runtime.h"
   3:/home/anaz/blinkyblocks/build/src-bobby/meldinterp-runtime/extern_functions.bb **** #include <stdio.h>
   4:/home/anaz/blinkyblocks/build/src-bobby/meldinterp-runtime/extern_functions.bb **** 
   5:/home/anaz/blinkyblocks/build/src-bobby/meldinterp-runtime/extern_functions.bb **** meld_value blockID(meld_value x) {
  16               		.loc 1 5 0
  17               	.LVL0:
  18               	/* prologue: function */
  19               	/* frame size = 0 */
  20               	/* stack size = 0 */
  21               	.L__stack_usage = 0
   6:/home/anaz/blinkyblocks/build/src-bobby/meldinterp-runtime/extern_functions.bb ****   meld_int ret = MELD_INT(&x);
   7:/home/anaz/blinkyblocks/build/src-bobby/meldinterp-runtime/extern_functions.bb ****   //printf("Returning %d\n", ret);
   8:/home/anaz/blinkyblocks/build/src-bobby/meldinterp-runtime/extern_functions.bb ****   return MELD_CONVERT_INT(ret);
   9:/home/anaz/blinkyblocks/build/src-bobby/meldinterp-runtime/extern_functions.bb **** }
  22               		.loc 1 9 0
  23 0000 0895      		ret
  24               	.LFE12:
  26               	.global	gen_fresh_file
  28               	gen_fresh_file:
  29               	.LFB13:
  10:/home/anaz/blinkyblocks/build/src-bobby/meldinterp-runtime/extern_functions.bb **** 
  11:/home/anaz/blinkyblocks/build/src-bobby/meldinterp-runtime/extern_functions.bb **** /*
  12:/home/anaz/blinkyblocks/build/src-bobby/meldinterp-runtime/extern_functions.bb **** meld_value printInt(meld_value x, meld_value y, meld_value z) {
  13:/home/anaz/blinkyblocks/build/src-bobby/meldinterp-runtime/extern_functions.bb ****     
  14:/home/anaz/blinkyblocks/build/src-bobby/meldinterp-runtime/extern_functions.bb ****     if (sizeof(int) >= sizeof(meld_int)) {
  15:/home/anaz/blinkyblocks/build/src-bobby/meldinterp-runtime/extern_functions.bb **** 	fprintf(stderr, "%2d: %2d -> %d\n", 
  16:/home/anaz/blinkyblocks/build/src-bobby/meldinterp-runtime/extern_functions.bb **** 		(int)MELD_INT(x),(int)MELD_INT(y),(int)MELD_INT(z));
  17:/home/anaz/blinkyblocks/build/src-bobby/meldinterp-runtime/extern_functions.bb ****     } else {
  18:/home/anaz/blinkyblocks/build/src-bobby/meldinterp-runtime/extern_functions.bb **** 	fprintf(stderr, "%s: ", convert_meld_int_safe(MELD_INT(x)));
  19:/home/anaz/blinkyblocks/build/src-bobby/meldinterp-runtime/extern_functions.bb **** 	fprintf(stderr, "%s -> ", convert_meld_int_safe(MELD_INT(y)));
  20:/home/anaz/blinkyblocks/build/src-bobby/meldinterp-runtime/extern_functions.bb **** 	fprintf(stderr, "%s\n", convert_meld_int_safe(MELD_INT(z)));
  21:/home/anaz/blinkyblocks/build/src-bobby/meldinterp-runtime/extern_functions.bb ****     }
  22:/home/anaz/blinkyblocks/build/src-bobby/meldinterp-runtime/extern_functions.bb **** 
  23:/home/anaz/blinkyblocks/build/src-bobby/meldinterp-runtime/extern_functions.bb ****    return 0;
  24:/home/anaz/blinkyblocks/build/src-bobby/meldinterp-runtime/extern_functions.bb **** }
  25:/home/anaz/blinkyblocks/build/src-bobby/meldinterp-runtime/extern_functions.bb **** */
  26:/home/anaz/blinkyblocks/build/src-bobby/meldinterp-runtime/extern_functions.bb **** 
  27:/home/anaz/blinkyblocks/build/src-bobby/meldinterp-runtime/extern_functions.bb **** int gen_fresh_file(void) {
  30               		.loc 1 27 0
  31               	/* prologue: function */
  32               	/* frame size = 0 */
  33               	/* stack size = 0 */
  34               	.L__stack_usage = 0
  28:/home/anaz/blinkyblocks/build/src-bobby/meldinterp-runtime/extern_functions.bb **** 	static int f = 0;
  29:/home/anaz/blinkyblocks/build/src-bobby/meldinterp-runtime/extern_functions.bb **** 	return f++;
  35               		.loc 1 29 0
  36 0002 2091 0000 		lds r18,f.3710
  37 0006 3091 0000 		lds r19,f.3710+1
  38 000a C901      		movw r24,r18
  39 000c 0196      		adiw r24,1
  40 000e 8093 0000 		sts f.3710,r24
  41 0012 9093 0000 		sts f.3710+1,r25
  30:/home/anaz/blinkyblocks/build/src-bobby/meldinterp-runtime/extern_functions.bb **** }
  42               		.loc 1 30 0
  43 0016 C901      		movw r24,r18
  44 0018 0895      		ret
  45               	.LFE13:
  47               	.global	gen_fresh_tag
  49               	gen_fresh_tag:
  50               	.LFB14:
  31:/home/anaz/blinkyblocks/build/src-bobby/meldinterp-runtime/extern_functions.bb **** 
  32:/home/anaz/blinkyblocks/build/src-bobby/meldinterp-runtime/extern_functions.bb **** int gen_fresh_tag(void) {
  51               		.loc 1 32 0
  52               	/* prologue: function */
  53               	/* frame size = 0 */
  54               	/* stack size = 0 */
  55               	.L__stack_usage = 0
  33:/home/anaz/blinkyblocks/build/src-bobby/meldinterp-runtime/extern_functions.bb **** 	static int t = 0;
  34:/home/anaz/blinkyblocks/build/src-bobby/meldinterp-runtime/extern_functions.bb **** 	return t++;
  56               		.loc 1 34 0
  57 001a 2091 0000 		lds r18,t.3714
  58 001e 3091 0000 		lds r19,t.3714+1
  59 0022 C901      		movw r24,r18
  60 0024 0196      		adiw r24,1
  61 0026 8093 0000 		sts t.3714,r24
  62 002a 9093 0000 		sts t.3714+1,r25
  35:/home/anaz/blinkyblocks/build/src-bobby/meldinterp-runtime/extern_functions.bb **** }
  63               		.loc 1 35 0
  64 002e C901      		movw r24,r18
  65 0030 0895      		ret
  66               	.LFE14:
  68               	.global	gen_fresh_nonce
  70               	gen_fresh_nonce:
  71               	.LFB15:
  36:/home/anaz/blinkyblocks/build/src-bobby/meldinterp-runtime/extern_functions.bb **** 
  37:/home/anaz/blinkyblocks/build/src-bobby/meldinterp-runtime/extern_functions.bb **** int gen_fresh_nonce(void) {
  72               		.loc 1 37 0
  73               	/* prologue: function */
  74               	/* frame size = 0 */
  75               	/* stack size = 0 */
  76               	.L__stack_usage = 0
  38:/home/anaz/blinkyblocks/build/src-bobby/meldinterp-runtime/extern_functions.bb **** 	static int n = 0;
  39:/home/anaz/blinkyblocks/build/src-bobby/meldinterp-runtime/extern_functions.bb **** 	return n++;
  77               		.loc 1 39 0
  78 0032 2091 0000 		lds r18,n.3718
  79 0036 3091 0000 		lds r19,n.3718+1
  80 003a C901      		movw r24,r18
  81 003c 0196      		adiw r24,1
  82 003e 8093 0000 		sts n.3718,r24
  83 0042 9093 0000 		sts n.3718+1,r25
  40:/home/anaz/blinkyblocks/build/src-bobby/meldinterp-runtime/extern_functions.bb **** }
  84               		.loc 1 40 0
  85 0046 C901      		movw r24,r18
  86 0048 0895      		ret
  87               	.LFE15:
  89               		.local	f.3710
  90               		.comm	f.3710,2,1
  91               		.local	t.3714
  92               		.comm	t.3714,2,1
  93               		.local	n.3718
  94               		.comm	n.3718,2,1
 145               	.Letext0:
 146               		.file 2 "/usr/lib/gcc/avr/4.7.2/../../../avr/include/stdint.h"
 147               		.file 3 "/home/anaz/blinkyblocks/build/src-bobby/meldinterp-runtime/model.bbh"
 148               		.file 4 "/home/anaz/blinkyblocks/build/src-bobby/meldinterp-runtime/api.h"
DEFINED SYMBOLS
                            *ABS*:0000000000000000 extern_functions.c
/home/anaz/tmp/cckrBvHF.s:2      *ABS*:000000000000003e __SP_H__
/home/anaz/tmp/cckrBvHF.s:3      *ABS*:000000000000003d __SP_L__
/home/anaz/tmp/cckrBvHF.s:4      *ABS*:000000000000003f __SREG__
/home/anaz/tmp/cckrBvHF.s:5      *ABS*:000000000000003b __RAMPZ__
/home/anaz/tmp/cckrBvHF.s:6      *ABS*:0000000000000034 __CCP__
/home/anaz/tmp/cckrBvHF.s:7      *ABS*:0000000000000000 __tmp_reg__
/home/anaz/tmp/cckrBvHF.s:8      *ABS*:0000000000000001 __zero_reg__
/home/anaz/tmp/cckrBvHF.s:13     .text:0000000000000000 blockID
/home/anaz/tmp/cckrBvHF.s:28     .text:0000000000000002 gen_fresh_file
                             .bss:0000000000000000 f.3710
/home/anaz/tmp/cckrBvHF.s:49     .text:000000000000001a gen_fresh_tag
/home/anaz/tmp/cckrBvHF.s:90     .bss:0000000000000002 t.3714
/home/anaz/tmp/cckrBvHF.s:70     .text:0000000000000032 gen_fresh_nonce
/home/anaz/tmp/cckrBvHF.s:92     .bss:0000000000000004 n.3718

UNDEFINED SYMBOLS
__do_clear_bss
