   1               		.file	"debug.c"
   2               	__SP_H__ = 0x3e
   3               	__SP_L__ = 0x3d
   4               	__SREG__ = 0x3f
   5               	__RAMPZ__ = 0x3b
   6               	__CCP__ = 0x34
   7               	__tmp_reg__ = 0
   8               	__zero_reg__ = 1
   9               		.text
  10               	.Ltext0:
  11               	.global	initDebug
  13               	initDebug:
  14               	.LFB1:
  15               		.file 1 "/home/dcampbel/Research/blinkyBocksHardware/build/src-bobby/system/debug.bb"
   1:/home/dcampbel/Research/blinkyBocksHardware/build/src-bobby/system/debug.bb **** #include "debug.bbh"
   2:/home/dcampbel/Research/blinkyBocksHardware/build/src-bobby/system/debug.bb **** #include "../hw-api/hwDebug.h"
   3:/home/dcampbel/Research/blinkyBocksHardware/build/src-bobby/system/debug.bb **** 
   4:/home/dcampbel/Research/blinkyBocksHardware/build/src-bobby/system/debug.bb **** void initDebug() 
   5:/home/dcampbel/Research/blinkyBocksHardware/build/src-bobby/system/debug.bb **** {
  16               		.loc 1 5 0
  17               	/* prologue: function */
  18               	/* frame size = 0 */
  19               	/* stack size = 0 */
  20               	.L__stack_usage = 0
   6:/home/dcampbel/Research/blinkyBocksHardware/build/src-bobby/system/debug.bb ****   initHWDebug();
  21               		.loc 1 6 0
  22 0000 0C94 0000 		jmp initHWDebug
  23               	.LVL0:
  24               	.LFE1:
  52               	.Letext0:
  53               		.file 2 "/home/dcampbel/Research/blinkyBocksHardware/build/src-bobby/system/../hw-api/hwDebug.h"
DEFINED SYMBOLS
                            *ABS*:0000000000000000 debug.c
     /tmp/ccjvuKxQ.s:2      *ABS*:000000000000003e __SP_H__
     /tmp/ccjvuKxQ.s:3      *ABS*:000000000000003d __SP_L__
     /tmp/ccjvuKxQ.s:4      *ABS*:000000000000003f __SREG__
     /tmp/ccjvuKxQ.s:5      *ABS*:000000000000003b __RAMPZ__
     /tmp/ccjvuKxQ.s:6      *ABS*:0000000000000034 __CCP__
     /tmp/ccjvuKxQ.s:7      *ABS*:0000000000000000 __tmp_reg__
     /tmp/ccjvuKxQ.s:8      *ABS*:0000000000000001 __zero_reg__
     /tmp/ccjvuKxQ.s:13     .text:0000000000000000 initDebug

UNDEFINED SYMBOLS
initHWDebug
