   1               		.file	"hardwaretime.c"
   2               	__SP_H__ = 0x3e
   3               	__SP_L__ = 0x3d
   4               	__SREG__ = 0x3f
   5               	__RAMPZ__ = 0x3b
   6               	__CCP__ = 0x34
   7               	__tmp_reg__ = 0
   8               	__zero_reg__ = 1
   9               		.text
  10               	.Ltext0:
  11               	.global	delayMS
  13               	delayMS:
  14               	.LFB5:
  15               		.file 1 "/home/anaz/Desktop/oldbb-ssh/build/src-bobby/system/hardwaretime.bb"
   1:/home/anaz/Desktop/oldbb-ssh/build/src-bobby/system/hardwaretime.bb **** #include "hardwaretime.bbh"
   2:/home/anaz/Desktop/oldbb-ssh/build/src-bobby/system/hardwaretime.bb **** #include "../hw-api/hwTime.h"
   3:/home/anaz/Desktop/oldbb-ssh/build/src-bobby/system/hardwaretime.bb **** #include "assert.h"
   4:/home/anaz/Desktop/oldbb-ssh/build/src-bobby/system/hardwaretime.bb **** 
   5:/home/anaz/Desktop/oldbb-ssh/build/src-bobby/system/hardwaretime.bb **** threadvar Timeout* thisTimeout;		// global var referencing current timeout struct for callbacks
   6:/home/anaz/Desktop/oldbb-ssh/build/src-bobby/system/hardwaretime.bb **** threadvar Timeout* timeoutList;	// semi-private data, do not modify outside of this file
   7:/home/anaz/Desktop/oldbb-ssh/build/src-bobby/system/hardwaretime.bb **** threadvar Timer* timerList;		// semi-private data, do not modify outside of this file
   8:/home/anaz/Desktop/oldbb-ssh/build/src-bobby/system/hardwaretime.bb **** 
   9:/home/anaz/Desktop/oldbb-ssh/build/src-bobby/system/hardwaretime.bb **** #ifdef BBSIM
  10:/home/anaz/Desktop/oldbb-ssh/build/src-bobby/system/hardwaretime.bb **** extern void yieldTil(Time x);
  11:/home/anaz/Desktop/oldbb-ssh/build/src-bobby/system/hardwaretime.bb **** #endif
  12:/home/anaz/Desktop/oldbb-ssh/build/src-bobby/system/hardwaretime.bb **** 
  13:/home/anaz/Desktop/oldbb-ssh/build/src-bobby/system/hardwaretime.bb **** void delayMS(int ms) 
  14:/home/anaz/Desktop/oldbb-ssh/build/src-bobby/system/hardwaretime.bb **** {
  16               		.loc 1 14 0
  17               	.LVL0:
  18 0000 CF92      		push r12
  19               	.LCFI0:
  20 0002 DF92      		push r13
  21               	.LCFI1:
  22 0004 EF92      		push r14
  23               	.LCFI2:
  24 0006 FF92      		push r15
  25               	.LCFI3:
  26 0008 CF93      		push r28
  27               	.LCFI4:
  28 000a DF93      		push r29
  29               	.LCFI5:
  30               	/* prologue: function */
  31               	/* frame size = 0 */
  32               	/* stack size = 6 */
  33               	.L__stack_usage = 6
  34 000c EC01      		movw r28,r24
  35               	.LBB11:
  36               	.LBB12:
  15:/home/anaz/Desktop/oldbb-ssh/build/src-bobby/system/hardwaretime.bb ****   Time until = getTime() + ms;
  16:/home/anaz/Desktop/oldbb-ssh/build/src-bobby/system/hardwaretime.bb **** 	
  17:/home/anaz/Desktop/oldbb-ssh/build/src-bobby/system/hardwaretime.bb ****   while(getTime() < until) {
  18:/home/anaz/Desktop/oldbb-ssh/build/src-bobby/system/hardwaretime.bb **** #ifdef BBSIM
  19:/home/anaz/Desktop/oldbb-ssh/build/src-bobby/system/hardwaretime.bb ****     yieldTil(until);
  20:/home/anaz/Desktop/oldbb-ssh/build/src-bobby/system/hardwaretime.bb **** #endif
  21:/home/anaz/Desktop/oldbb-ssh/build/src-bobby/system/hardwaretime.bb ****   }
  22:/home/anaz/Desktop/oldbb-ssh/build/src-bobby/system/hardwaretime.bb **** }
  23:/home/anaz/Desktop/oldbb-ssh/build/src-bobby/system/hardwaretime.bb **** 
  24:/home/anaz/Desktop/oldbb-ssh/build/src-bobby/system/hardwaretime.bb **** Time getTime()
  25:/home/anaz/Desktop/oldbb-ssh/build/src-bobby/system/hardwaretime.bb **** {
  26:/home/anaz/Desktop/oldbb-ssh/build/src-bobby/system/hardwaretime.bb **** 	return getHWTime();
  37               		.loc 1 26 0
  38 000e 0E94 0000 		call getHWTime
  39               	.LVL1:
  40 0012 6B01      		movw r12,r22
  41 0014 7C01      		movw r14,r24
  42               	.LBE12:
  43               	.LBE11:
  15:/home/anaz/Desktop/oldbb-ssh/build/src-bobby/system/hardwaretime.bb ****   Time until = getTime() + ms;
  44               		.loc 1 15 0
  45 0016 CE01      		movw r24,r28
  46 0018 AA27      		clr r26
  47 001a 97FD      		sbrc r25,7
  48 001c A095      		com r26
  49 001e BA2F      		mov r27,r26
  50 0020 C80E      		add r12,r24
  51 0022 D91E      		adc r13,r25
  52 0024 EA1E      		adc r14,r26
  53 0026 FB1E      		adc r15,r27
  54               	.LVL2:
  55               	.L2:
  56               	.LBB13:
  57               	.LBB14:
  58               		.loc 1 26 0 discriminator 1
  59 0028 0E94 0000 		call getHWTime
  60               	.LVL3:
  61               	.LBE14:
  62               	.LBE13:
  17:/home/anaz/Desktop/oldbb-ssh/build/src-bobby/system/hardwaretime.bb ****   while(getTime() < until) {
  63               		.loc 1 17 0 discriminator 1
  64 002c 6C15      		cp r22,r12
  65 002e 7D05      		cpc r23,r13
  66 0030 8E05      		cpc r24,r14
  67 0032 9F05      		cpc r25,r15
  68 0034 00F0      		brlo .L2
  69               	/* epilogue start */
  22:/home/anaz/Desktop/oldbb-ssh/build/src-bobby/system/hardwaretime.bb **** }
  70               		.loc 1 22 0
  71 0036 DF91      		pop r29
  72 0038 CF91      		pop r28
  73               	.LVL4:
  74 003a FF90      		pop r15
  75 003c EF90      		pop r14
  76 003e DF90      		pop r13
  77 0040 CF90      		pop r12
  78               	.LVL5:
  79 0042 0895      		ret
  80               	.LFE5:
  82               	.global	getTime
  84               	getTime:
  85               	.LFB6:
  25:/home/anaz/Desktop/oldbb-ssh/build/src-bobby/system/hardwaretime.bb **** {
  86               		.loc 1 25 0
  87               	/* prologue: function */
  88               	/* frame size = 0 */
  89               	/* stack size = 0 */
  90               	.L__stack_usage = 0
  91               		.loc 1 26 0
  92 0044 0C94 0000 		jmp getHWTime
  93               	.LVL6:
  94               	.LFE6:
  96               	.global	checkTimeout
  98               	checkTimeout:
  99               	.LFB7:
  27:/home/anaz/Desktop/oldbb-ssh/build/src-bobby/system/hardwaretime.bb **** }
  28:/home/anaz/Desktop/oldbb-ssh/build/src-bobby/system/hardwaretime.bb **** 
  29:/home/anaz/Desktop/oldbb-ssh/build/src-bobby/system/hardwaretime.bb **** void checkTimeout()
  30:/home/anaz/Desktop/oldbb-ssh/build/src-bobby/system/hardwaretime.bb **** {
 100               		.loc 1 30 0
 101 0048 0F93      		push r16
 102               	.LCFI6:
 103 004a 1F93      		push r17
 104               	.LCFI7:
 105 004c CF93      		push r28
 106               	.LCFI8:
 107 004e DF93      		push r29
 108               	.LCFI9:
 109 0050 00D0      		rcall .
 110 0052 1F92      		push __zero_reg__
 111               	.LCFI10:
 112 0054 CDB7      		in r28,__SP_L__
 113 0056 DEB7      		in r29,__SP_H__
 114               	.LCFI11:
 115               	/* prologue: function */
 116               	/* frame size = 4 */
 117               	/* stack size = 8 */
 118               	.L__stack_usage = 8
  31:/home/anaz/Desktop/oldbb-ssh/build/src-bobby/system/hardwaretime.bb **** 	if(timeoutList != NULL)
 119               		.loc 1 31 0
 120 0058 8091 0000 		lds r24,timeoutList
 121 005c 9091 0000 		lds r25,timeoutList+1
 122 0060 892B      		or r24,r25
 123 0062 01F0      		breq .L5
 124               	.LBB15:
 125               	.LBB16:
 126               	.LBB17:
  26:/home/anaz/Desktop/oldbb-ssh/build/src-bobby/system/hardwaretime.bb **** 	return getHWTime();
 127               		.loc 1 26 0
 128 0064 0E94 0000 		call getHWTime
 129               	.LVL7:
 130               	.L9:
 131               	.LBE17:
 132               	.LBE16:
  32:/home/anaz/Desktop/oldbb-ssh/build/src-bobby/system/hardwaretime.bb **** 	{
  33:/home/anaz/Desktop/oldbb-ssh/build/src-bobby/system/hardwaretime.bb **** 		Time now = getTime();
  34:/home/anaz/Desktop/oldbb-ssh/build/src-bobby/system/hardwaretime.bb **** 		
  35:/home/anaz/Desktop/oldbb-ssh/build/src-bobby/system/hardwaretime.bb **** 		do
  36:/home/anaz/Desktop/oldbb-ssh/build/src-bobby/system/hardwaretime.bb **** 		{
  37:/home/anaz/Desktop/oldbb-ssh/build/src-bobby/system/hardwaretime.bb **** 			// check list, remove timer and call function
  38:/home/anaz/Desktop/oldbb-ssh/build/src-bobby/system/hardwaretime.bb **** 			if(now >= timeoutList->calltime)
 133               		.loc 1 38 0
 134 0068 E091 0000 		lds r30,timeoutList
 135 006c F091 0000 		lds r31,timeoutList+1
 136 0070 0281      		ldd r16,Z+2
 137 0072 1381      		ldd r17,Z+3
 138 0074 2481      		ldd r18,Z+4
 139 0076 3581      		ldd r19,Z+5
 140 0078 6017      		cp r22,r16
 141 007a 7107      		cpc r23,r17
 142 007c 8207      		cpc r24,r18
 143 007e 9307      		cpc r25,r19
 144 0080 00F0      		brlo .L5
  39:/home/anaz/Desktop/oldbb-ssh/build/src-bobby/system/hardwaretime.bb **** 			{
  40:/home/anaz/Desktop/oldbb-ssh/build/src-bobby/system/hardwaretime.bb **** 				// set reference variable, remove timeout from list
  41:/home/anaz/Desktop/oldbb-ssh/build/src-bobby/system/hardwaretime.bb **** 				thisTimeout = timeoutList;
 145               		.loc 1 41 0
 146 0082 E093 0000 		sts thisTimeout,r30
 147 0086 F093 0000 		sts thisTimeout+1,r31
  42:/home/anaz/Desktop/oldbb-ssh/build/src-bobby/system/hardwaretime.bb **** 				timeoutList = timeoutList->next;
 148               		.loc 1 42 0
 149 008a 2081      		ld r18,Z
 150 008c 3181      		ldd r19,Z+1
 151 008e 2093 0000 		sts timeoutList,r18
 152 0092 3093 0000 		sts timeoutList+1,r19
  43:/home/anaz/Desktop/oldbb-ssh/build/src-bobby/system/hardwaretime.bb **** 
  44:/home/anaz/Desktop/oldbb-ssh/build/src-bobby/system/hardwaretime.bb **** 				// if timeout was not pre-emptively disable, execute callback();
  45:/home/anaz/Desktop/oldbb-ssh/build/src-bobby/system/hardwaretime.bb **** 				if(thisTimeout->state != INACTIVE)
 153               		.loc 1 45 0
 154 0096 2085      		ldd r18,Z+8
 155 0098 2223      		tst r18
 156 009a 01F0      		breq .L8
  46:/home/anaz/Desktop/oldbb-ssh/build/src-bobby/system/hardwaretime.bb **** 				  {
  47:/home/anaz/Desktop/oldbb-ssh/build/src-bobby/system/hardwaretime.bb **** 				    (thisTimeout->callback)();	
 157               		.loc 1 47 0
 158 009c 0680      		ldd __tmp_reg__,Z+6
 159 009e F781      		ldd r31,Z+7
 160 00a0 E02D      		mov r30,__tmp_reg__
 161 00a2 6983      		std Y+1,r22
 162 00a4 7A83      		std Y+2,r23
 163 00a6 8B83      		std Y+3,r24
 164 00a8 9C83      		std Y+4,r25
 165 00aa 1995      		eicall
 166               	.LVL8:
 167 00ac 9C81      		ldd r25,Y+4
 168 00ae 8B81      		ldd r24,Y+3
 169 00b0 7A81      		ldd r23,Y+2
 170 00b2 6981      		ldd r22,Y+1
 171               	.L8:
  48:/home/anaz/Desktop/oldbb-ssh/build/src-bobby/system/hardwaretime.bb **** 				  }
  49:/home/anaz/Desktop/oldbb-ssh/build/src-bobby/system/hardwaretime.bb **** 
  50:/home/anaz/Desktop/oldbb-ssh/build/src-bobby/system/hardwaretime.bb **** 				// disable callback until reactivated/reinserted into list.
  51:/home/anaz/Desktop/oldbb-ssh/build/src-bobby/system/hardwaretime.bb **** 				thisTimeout->state = INACTIVE;
 172               		.loc 1 51 0
 173 00b4 E091 0000 		lds r30,thisTimeout
 174 00b8 F091 0000 		lds r31,thisTimeout+1
 175 00bc 1086      		std Z+8,__zero_reg__
  52:/home/anaz/Desktop/oldbb-ssh/build/src-bobby/system/hardwaretime.bb **** 			}
  53:/home/anaz/Desktop/oldbb-ssh/build/src-bobby/system/hardwaretime.bb **** 			else
  54:/home/anaz/Desktop/oldbb-ssh/build/src-bobby/system/hardwaretime.bb **** 			{
  55:/home/anaz/Desktop/oldbb-ssh/build/src-bobby/system/hardwaretime.bb **** 				// stop searching list
  56:/home/anaz/Desktop/oldbb-ssh/build/src-bobby/system/hardwaretime.bb **** 				break;
  57:/home/anaz/Desktop/oldbb-ssh/build/src-bobby/system/hardwaretime.bb **** 			}
  58:/home/anaz/Desktop/oldbb-ssh/build/src-bobby/system/hardwaretime.bb **** 			
  59:/home/anaz/Desktop/oldbb-ssh/build/src-bobby/system/hardwaretime.bb **** 		} while (timeoutList != NULL);
 176               		.loc 1 59 0
 177 00be 2091 0000 		lds r18,timeoutList
 178 00c2 3091 0000 		lds r19,timeoutList+1
 179 00c6 232B      		or r18,r19
 180 00c8 01F4      		brne .L9
 181               	.L5:
 182               	/* epilogue start */
 183               	.LBE15:
  60:/home/anaz/Desktop/oldbb-ssh/build/src-bobby/system/hardwaretime.bb **** 	}
  61:/home/anaz/Desktop/oldbb-ssh/build/src-bobby/system/hardwaretime.bb **** }
 184               		.loc 1 61 0
 185 00ca 2496      		adiw r28,4
 186 00cc CDBF      		out __SP_L__,r28
 187 00ce DEBF      		out __SP_H__,r29
 188 00d0 DF91      		pop r29
 189 00d2 CF91      		pop r28
 190 00d4 1F91      		pop r17
 191 00d6 0F91      		pop r16
 192 00d8 0895      		ret
 193               	.LFE7:
 195               	.global	registerTimeout
 197               	registerTimeout:
 198               	.LFB8:
  62:/home/anaz/Desktop/oldbb-ssh/build/src-bobby/system/hardwaretime.bb **** 
  63:/home/anaz/Desktop/oldbb-ssh/build/src-bobby/system/hardwaretime.bb **** int registerTimeout(Timeout * t)
  64:/home/anaz/Desktop/oldbb-ssh/build/src-bobby/system/hardwaretime.bb **** {
 199               		.loc 1 64 0
 200               	.LVL9:
 201 00da 0F93      		push r16
 202               	.LCFI12:
 203 00dc 1F93      		push r17
 204               	.LCFI13:
 205 00de CF93      		push r28
 206               	.LCFI14:
 207 00e0 DF93      		push r29
 208               	.LCFI15:
 209               	/* prologue: function */
 210               	/* frame size = 0 */
 211               	/* stack size = 4 */
 212               	.L__stack_usage = 4
 213 00e2 FC01      		movw r30,r24
  65:/home/anaz/Desktop/oldbb-ssh/build/src-bobby/system/hardwaretime.bb **** 	t->next = NULL;
 214               		.loc 1 65 0
 215 00e4 1082      		st Z,__zero_reg__
 216 00e6 1182      		std Z+1,__zero_reg__
  66:/home/anaz/Desktop/oldbb-ssh/build/src-bobby/system/hardwaretime.bb **** 
  67:/home/anaz/Desktop/oldbb-ssh/build/src-bobby/system/hardwaretime.bb **** 	if(timeoutList == NULL)
 217               		.loc 1 67 0
 218 00e8 A091 0000 		lds r26,timeoutList
 219 00ec B091 0000 		lds r27,timeoutList+1
 220 00f0 1097      		sbiw r26,0
 221 00f2 01F4      		brne .L15
  68:/home/anaz/Desktop/oldbb-ssh/build/src-bobby/system/hardwaretime.bb **** 	{
  69:/home/anaz/Desktop/oldbb-ssh/build/src-bobby/system/hardwaretime.bb **** 		timeoutList = t;
 222               		.loc 1 69 0
 223 00f4 8093 0000 		sts timeoutList,r24
 224 00f8 9093 0000 		sts timeoutList+1,r25
 225 00fc 00C0      		rjmp .L16
 226               	.L15:
 227               	.LBB18:
  70:/home/anaz/Desktop/oldbb-ssh/build/src-bobby/system/hardwaretime.bb **** 	}
  71:/home/anaz/Desktop/oldbb-ssh/build/src-bobby/system/hardwaretime.bb **** 	else
  72:/home/anaz/Desktop/oldbb-ssh/build/src-bobby/system/hardwaretime.bb **** 	{
  73:/home/anaz/Desktop/oldbb-ssh/build/src-bobby/system/hardwaretime.bb **** 		Timeout * prev = NULL;
  74:/home/anaz/Desktop/oldbb-ssh/build/src-bobby/system/hardwaretime.bb **** 		Timeout * cur;
  75:/home/anaz/Desktop/oldbb-ssh/build/src-bobby/system/hardwaretime.bb **** 		
  76:/home/anaz/Desktop/oldbb-ssh/build/src-bobby/system/hardwaretime.bb **** 		cur = timeoutList;
  77:/home/anaz/Desktop/oldbb-ssh/build/src-bobby/system/hardwaretime.bb **** 		
  78:/home/anaz/Desktop/oldbb-ssh/build/src-bobby/system/hardwaretime.bb **** 		while((cur->calltime < t->calltime) && (cur->next != NULL))
 228               		.loc 1 78 0
 229 00fe 4281      		ldd r20,Z+2
 230 0100 5381      		ldd r21,Z+3
 231 0102 6481      		ldd r22,Z+4
 232 0104 7581      		ldd r23,Z+5
 233 0106 C0E0      		ldi r28,0
 234 0108 D0E0      		ldi r29,0
 235 010a 00C0      		rjmp .L20
 236               	.LVL10:
 237               	.L24:
  79:/home/anaz/Desktop/oldbb-ssh/build/src-bobby/system/hardwaretime.bb **** 		{
  80:/home/anaz/Desktop/oldbb-ssh/build/src-bobby/system/hardwaretime.bb **** 			prev = cur;
  81:/home/anaz/Desktop/oldbb-ssh/build/src-bobby/system/hardwaretime.bb **** 			cur = cur->next;
 238               		.loc 1 81 0
 239 010c DC01      		movw r26,r24
 240               	.LVL11:
  78:/home/anaz/Desktop/oldbb-ssh/build/src-bobby/system/hardwaretime.bb **** 		while((cur->calltime < t->calltime) && (cur->next != NULL))
 241               		.loc 1 78 0
 242 010e C32F      		mov r28,r19
 243               	.LVL12:
 244 0110 D22F      		mov r29,r18
 245               	.L20:
 246               	.LVL13:
  78:/home/anaz/Desktop/oldbb-ssh/build/src-bobby/system/hardwaretime.bb **** 		while((cur->calltime < t->calltime) && (cur->next != NULL))
 247               		.loc 1 78 0 is_stmt 0 discriminator 1
 248 0112 1296      		adiw r26,2
 249 0114 0D91      		ld r16,X+
 250 0116 1D91      		ld r17,X+
 251 0118 2D91      		ld r18,X+
 252 011a 3C91      		ld r19,X
 253 011c 1597      		sbiw r26,2+3
 254 011e 0417      		cp r16,r20
 255 0120 1507      		cpc r17,r21
 256 0122 2607      		cpc r18,r22
 257 0124 3707      		cpc r19,r23
 258 0126 00F0      		brlo .L17
  82:/home/anaz/Desktop/oldbb-ssh/build/src-bobby/system/hardwaretime.bb **** 		}		
  83:/home/anaz/Desktop/oldbb-ssh/build/src-bobby/system/hardwaretime.bb **** 		
  84:/home/anaz/Desktop/oldbb-ssh/build/src-bobby/system/hardwaretime.bb **** 		if(cur->calltime >= t->calltime)
  85:/home/anaz/Desktop/oldbb-ssh/build/src-bobby/system/hardwaretime.bb **** 		{
  86:/home/anaz/Desktop/oldbb-ssh/build/src-bobby/system/hardwaretime.bb **** 			if(prev == NULL)
 259               		.loc 1 86 0 is_stmt 1
 260 0128 2097      		sbiw r28,0
 261 012a 01F4      		brne .L25
 262 012c 00C0      		rjmp .L18
 263               	.L17:
  78:/home/anaz/Desktop/oldbb-ssh/build/src-bobby/system/hardwaretime.bb **** 		while((cur->calltime < t->calltime) && (cur->next != NULL))
 264               		.loc 1 78 0 discriminator 2
 265 012e 8D91      		ld r24,X+
 266 0130 9C91      		ld r25,X
 267 0132 1197      		sbiw r26,1
 268 0134 3A2F      		mov r19,r26
 269 0136 2B2F      		mov r18,r27
 270 0138 0097      		sbiw r24,0
 271 013a 01F4      		brne .L24
  87:/home/anaz/Desktop/oldbb-ssh/build/src-bobby/system/hardwaretime.bb **** 			{
  88:/home/anaz/Desktop/oldbb-ssh/build/src-bobby/system/hardwaretime.bb **** 				timeoutList = t;
  89:/home/anaz/Desktop/oldbb-ssh/build/src-bobby/system/hardwaretime.bb **** 			}
  90:/home/anaz/Desktop/oldbb-ssh/build/src-bobby/system/hardwaretime.bb **** 			else
  91:/home/anaz/Desktop/oldbb-ssh/build/src-bobby/system/hardwaretime.bb **** 			{
  92:/home/anaz/Desktop/oldbb-ssh/build/src-bobby/system/hardwaretime.bb **** 				prev->next = t;
  93:/home/anaz/Desktop/oldbb-ssh/build/src-bobby/system/hardwaretime.bb **** 			}
  94:/home/anaz/Desktop/oldbb-ssh/build/src-bobby/system/hardwaretime.bb **** 			
  95:/home/anaz/Desktop/oldbb-ssh/build/src-bobby/system/hardwaretime.bb **** 			t->next = cur;
  96:/home/anaz/Desktop/oldbb-ssh/build/src-bobby/system/hardwaretime.bb **** 		}
  97:/home/anaz/Desktop/oldbb-ssh/build/src-bobby/system/hardwaretime.bb **** 		else
  98:/home/anaz/Desktop/oldbb-ssh/build/src-bobby/system/hardwaretime.bb **** 		{
  99:/home/anaz/Desktop/oldbb-ssh/build/src-bobby/system/hardwaretime.bb **** 			cur->next = t;
 272               		.loc 1 99 0
 273 013c ED93      		st X+,r30
 274 013e FC93      		st X,r31
 100:/home/anaz/Desktop/oldbb-ssh/build/src-bobby/system/hardwaretime.bb **** 			t->next = NULL;
 275               		.loc 1 100 0
 276 0140 1082      		st Z,__zero_reg__
 277 0142 1182      		std Z+1,__zero_reg__
 278 0144 00C0      		rjmp .L16
 279               	.L18:
  88:/home/anaz/Desktop/oldbb-ssh/build/src-bobby/system/hardwaretime.bb **** 				timeoutList = t;
 280               		.loc 1 88 0
 281 0146 E093 0000 		sts timeoutList,r30
 282 014a F093 0000 		sts timeoutList+1,r31
 283 014e 00C0      		rjmp .L23
 284               	.L25:
  92:/home/anaz/Desktop/oldbb-ssh/build/src-bobby/system/hardwaretime.bb **** 				prev->next = t;
 285               		.loc 1 92 0
 286 0150 E883      		st Y,r30
 287 0152 F983      		std Y+1,r31
 288               	.L23:
  95:/home/anaz/Desktop/oldbb-ssh/build/src-bobby/system/hardwaretime.bb **** 			t->next = cur;
 289               		.loc 1 95 0
 290 0154 A083      		st Z,r26
 291 0156 B183      		std Z+1,r27
 292               	.LVL14:
 293               	.L16:
 294               	.LBE18:
 101:/home/anaz/Desktop/oldbb-ssh/build/src-bobby/system/hardwaretime.bb **** 		}
 102:/home/anaz/Desktop/oldbb-ssh/build/src-bobby/system/hardwaretime.bb **** 	}
 103:/home/anaz/Desktop/oldbb-ssh/build/src-bobby/system/hardwaretime.bb **** 	
 104:/home/anaz/Desktop/oldbb-ssh/build/src-bobby/system/hardwaretime.bb **** 	t->state = ACTIVE;
 295               		.loc 1 104 0
 296 0158 81E0      		ldi r24,lo8(1)
 297 015a 8087      		std Z+8,r24
 105:/home/anaz/Desktop/oldbb-ssh/build/src-bobby/system/hardwaretime.bb **** 	
 106:/home/anaz/Desktop/oldbb-ssh/build/src-bobby/system/hardwaretime.bb **** 	return 1;	
 107:/home/anaz/Desktop/oldbb-ssh/build/src-bobby/system/hardwaretime.bb **** }
 298               		.loc 1 107 0
 299 015c 81E0      		ldi r24,lo8(1)
 300 015e 90E0      		ldi r25,0
 301               	/* epilogue start */
 302 0160 DF91      		pop r29
 303 0162 CF91      		pop r28
 304 0164 1F91      		pop r17
 305 0166 0F91      		pop r16
 306 0168 0895      		ret
 307               	.LFE8:
 309               	.global	deregisterTimeout
 311               	deregisterTimeout:
 312               	.LFB9:
 108:/home/anaz/Desktop/oldbb-ssh/build/src-bobby/system/hardwaretime.bb **** 
 109:/home/anaz/Desktop/oldbb-ssh/build/src-bobby/system/hardwaretime.bb **** int deregisterTimeout(Timeout * t)
 110:/home/anaz/Desktop/oldbb-ssh/build/src-bobby/system/hardwaretime.bb **** {
 313               		.loc 1 110 0
 314               	.LVL15:
 315               	/* prologue: function */
 316               	/* frame size = 0 */
 317               	/* stack size = 0 */
 318               	.L__stack_usage = 0
 111:/home/anaz/Desktop/oldbb-ssh/build/src-bobby/system/hardwaretime.bb **** 	if(timeoutList == NULL)
 319               		.loc 1 111 0
 320 016a E091 0000 		lds r30,timeoutList
 321 016e F091 0000 		lds r31,timeoutList+1
 322 0172 3097      		sbiw r30,0
 323 0174 01F0      		breq .L35
 324 0176 A0E0      		ldi r26,0
 325 0178 B0E0      		ldi r27,0
 326 017a 00C0      		rjmp .L28
 327               	.L29:
 328               	.LVL16:
 329               	.LBB19:
 112:/home/anaz/Desktop/oldbb-ssh/build/src-bobby/system/hardwaretime.bb **** 	{		
 113:/home/anaz/Desktop/oldbb-ssh/build/src-bobby/system/hardwaretime.bb **** 		return 0;
 114:/home/anaz/Desktop/oldbb-ssh/build/src-bobby/system/hardwaretime.bb **** 	}
 115:/home/anaz/Desktop/oldbb-ssh/build/src-bobby/system/hardwaretime.bb **** 	else
 116:/home/anaz/Desktop/oldbb-ssh/build/src-bobby/system/hardwaretime.bb **** 	{
 117:/home/anaz/Desktop/oldbb-ssh/build/src-bobby/system/hardwaretime.bb **** 		Timeout * prev = NULL;
 118:/home/anaz/Desktop/oldbb-ssh/build/src-bobby/system/hardwaretime.bb **** 		Timeout * cur;
 119:/home/anaz/Desktop/oldbb-ssh/build/src-bobby/system/hardwaretime.bb **** 
 120:/home/anaz/Desktop/oldbb-ssh/build/src-bobby/system/hardwaretime.bb **** 		cur = timeoutList;
 121:/home/anaz/Desktop/oldbb-ssh/build/src-bobby/system/hardwaretime.bb **** 		
 122:/home/anaz/Desktop/oldbb-ssh/build/src-bobby/system/hardwaretime.bb **** 
 123:/home/anaz/Desktop/oldbb-ssh/build/src-bobby/system/hardwaretime.bb **** 		while((cur != NULL) && (t != cur)) //(cur->callback != t->callback) && (cur->calltime != t->callt
 124:/home/anaz/Desktop/oldbb-ssh/build/src-bobby/system/hardwaretime.bb **** 		{
 125:/home/anaz/Desktop/oldbb-ssh/build/src-bobby/system/hardwaretime.bb **** 			prev = cur;
 126:/home/anaz/Desktop/oldbb-ssh/build/src-bobby/system/hardwaretime.bb **** 			cur = cur->next;
 330               		.loc 1 126 0
 331 017c 2081      		ld r18,Z
 332 017e 3181      		ldd r19,Z+1
 333               	.LVL17:
 334 0180 DF01      		movw r26,r30
 123:/home/anaz/Desktop/oldbb-ssh/build/src-bobby/system/hardwaretime.bb **** 		while((cur != NULL) && (t != cur)) //(cur->callback != t->callback) && (cur->calltime != t->callt
 335               		.loc 1 123 0
 336 0182 2115      		cp r18,__zero_reg__
 337 0184 3105      		cpc r19,__zero_reg__
 338 0186 01F0      		breq .L35
 339               		.loc 1 126 0
 340 0188 F901      		movw r30,r18
 341               	.LVL18:
 342               	.L28:
 123:/home/anaz/Desktop/oldbb-ssh/build/src-bobby/system/hardwaretime.bb **** 		while((cur != NULL) && (t != cur)) //(cur->callback != t->callback) && (cur->calltime != t->callt
 343               		.loc 1 123 0 discriminator 2
 344 018a 8E17      		cp r24,r30
 345 018c 9F07      		cpc r25,r31
 346 018e 01F4      		brne .L29
 347 0190 00C0      		rjmp .L36
 348               	.L32:
 127:/home/anaz/Desktop/oldbb-ssh/build/src-bobby/system/hardwaretime.bb **** 		}
 128:/home/anaz/Desktop/oldbb-ssh/build/src-bobby/system/hardwaretime.bb **** 
 129:/home/anaz/Desktop/oldbb-ssh/build/src-bobby/system/hardwaretime.bb **** 		
 130:/home/anaz/Desktop/oldbb-ssh/build/src-bobby/system/hardwaretime.bb **** 		if(cur == NULL)
 131:/home/anaz/Desktop/oldbb-ssh/build/src-bobby/system/hardwaretime.bb **** 		{
 132:/home/anaz/Desktop/oldbb-ssh/build/src-bobby/system/hardwaretime.bb **** 			return 0;
 133:/home/anaz/Desktop/oldbb-ssh/build/src-bobby/system/hardwaretime.bb **** 		}
 134:/home/anaz/Desktop/oldbb-ssh/build/src-bobby/system/hardwaretime.bb **** 		else
 135:/home/anaz/Desktop/oldbb-ssh/build/src-bobby/system/hardwaretime.bb **** 		{
 136:/home/anaz/Desktop/oldbb-ssh/build/src-bobby/system/hardwaretime.bb **** 			if(prev == NULL)
 137:/home/anaz/Desktop/oldbb-ssh/build/src-bobby/system/hardwaretime.bb **** 			{
 138:/home/anaz/Desktop/oldbb-ssh/build/src-bobby/system/hardwaretime.bb **** 				timeoutList = cur->next;
 349               		.loc 1 138 0
 350 0192 2093 0000 		sts timeoutList,r18
 351 0196 3093 0000 		sts timeoutList+1,r19
 352 019a 00C0      		rjmp .L31
 353               	.L38:
 139:/home/anaz/Desktop/oldbb-ssh/build/src-bobby/system/hardwaretime.bb **** 			}
 140:/home/anaz/Desktop/oldbb-ssh/build/src-bobby/system/hardwaretime.bb **** 			else
 141:/home/anaz/Desktop/oldbb-ssh/build/src-bobby/system/hardwaretime.bb **** 			{
 142:/home/anaz/Desktop/oldbb-ssh/build/src-bobby/system/hardwaretime.bb **** 				prev->next = cur->next;
 354               		.loc 1 142 0
 355 019c 2D93      		st X+,r18
 356 019e 3C93      		st X,r19
 357               	.L31:
 143:/home/anaz/Desktop/oldbb-ssh/build/src-bobby/system/hardwaretime.bb **** 			}
 144:/home/anaz/Desktop/oldbb-ssh/build/src-bobby/system/hardwaretime.bb **** 			
 145:/home/anaz/Desktop/oldbb-ssh/build/src-bobby/system/hardwaretime.bb **** 			t->state = INACTIVE;
 358               		.loc 1 145 0
 359 01a0 FC01      		movw r30,r24
 360 01a2 1086      		std Z+8,__zero_reg__
 146:/home/anaz/Desktop/oldbb-ssh/build/src-bobby/system/hardwaretime.bb **** 			
 147:/home/anaz/Desktop/oldbb-ssh/build/src-bobby/system/hardwaretime.bb **** 			return 1;
 361               		.loc 1 147 0
 362 01a4 21E0      		ldi r18,lo8(1)
 363 01a6 30E0      		ldi r19,0
 364 01a8 00C0      		rjmp .L37
 365               	.L35:
 113:/home/anaz/Desktop/oldbb-ssh/build/src-bobby/system/hardwaretime.bb **** 		return 0;
 366               		.loc 1 113 0
 367 01aa 20E0      		ldi r18,0
 368 01ac 30E0      		ldi r19,0
 369 01ae 00C0      		rjmp .L37
 370               	.L36:
 371 01b0 FC01      		movw r30,r24
 372 01b2 2081      		ld r18,Z
 373 01b4 3181      		ldd r19,Z+1
 136:/home/anaz/Desktop/oldbb-ssh/build/src-bobby/system/hardwaretime.bb **** 			if(prev == NULL)
 374               		.loc 1 136 0
 375 01b6 1097      		sbiw r26,0
 376 01b8 01F4      		brne .L38
 377 01ba 00C0      		rjmp .L32
 378               	.L37:
 379               	.LBE19:
 148:/home/anaz/Desktop/oldbb-ssh/build/src-bobby/system/hardwaretime.bb **** 		}
 149:/home/anaz/Desktop/oldbb-ssh/build/src-bobby/system/hardwaretime.bb **** 	}
 150:/home/anaz/Desktop/oldbb-ssh/build/src-bobby/system/hardwaretime.bb **** }
 380               		.loc 1 150 0
 381 01bc C901      		movw r24,r18
 382               	.LVL19:
 383 01be 0895      		ret
 384               	.LFE9:
 386               	.global	deregisterTimeoutByHandler
 388               	deregisterTimeoutByHandler:
 389               	.LFB10:
 151:/home/anaz/Desktop/oldbb-ssh/build/src-bobby/system/hardwaretime.bb **** 
 152:/home/anaz/Desktop/oldbb-ssh/build/src-bobby/system/hardwaretime.bb **** int deregisterTimeoutByHandler(GenericHandler h)
 153:/home/anaz/Desktop/oldbb-ssh/build/src-bobby/system/hardwaretime.bb **** {
 390               		.loc 1 153 0
 391               	.LVL20:
 392               	/* prologue: function */
 393               	/* frame size = 0 */
 394               	/* stack size = 0 */
 395               	.L__stack_usage = 0
 154:/home/anaz/Desktop/oldbb-ssh/build/src-bobby/system/hardwaretime.bb **** 	if(timeoutList == NULL)
 396               		.loc 1 154 0
 397 01c0 E091 0000 		lds r30,timeoutList
 398 01c4 F091 0000 		lds r31,timeoutList+1
 399 01c8 3097      		sbiw r30,0
 400 01ca 01F0      		breq .L48
 401 01cc A0E0      		ldi r26,0
 402 01ce B0E0      		ldi r27,0
 403 01d0 00C0      		rjmp .L41
 404               	.L42:
 405               	.LVL21:
 406               	.LBB20:
 155:/home/anaz/Desktop/oldbb-ssh/build/src-bobby/system/hardwaretime.bb **** 	{		
 156:/home/anaz/Desktop/oldbb-ssh/build/src-bobby/system/hardwaretime.bb **** 		return 0;
 157:/home/anaz/Desktop/oldbb-ssh/build/src-bobby/system/hardwaretime.bb **** 	}
 158:/home/anaz/Desktop/oldbb-ssh/build/src-bobby/system/hardwaretime.bb **** 	else
 159:/home/anaz/Desktop/oldbb-ssh/build/src-bobby/system/hardwaretime.bb **** 	{
 160:/home/anaz/Desktop/oldbb-ssh/build/src-bobby/system/hardwaretime.bb **** 		Timeout * prev = NULL;
 161:/home/anaz/Desktop/oldbb-ssh/build/src-bobby/system/hardwaretime.bb **** 		Timeout * cur;
 162:/home/anaz/Desktop/oldbb-ssh/build/src-bobby/system/hardwaretime.bb **** 
 163:/home/anaz/Desktop/oldbb-ssh/build/src-bobby/system/hardwaretime.bb **** 		cur = timeoutList;
 164:/home/anaz/Desktop/oldbb-ssh/build/src-bobby/system/hardwaretime.bb **** 		
 165:/home/anaz/Desktop/oldbb-ssh/build/src-bobby/system/hardwaretime.bb **** 		while((cur != NULL) && (cur->callback != h))
 166:/home/anaz/Desktop/oldbb-ssh/build/src-bobby/system/hardwaretime.bb **** 		{
 167:/home/anaz/Desktop/oldbb-ssh/build/src-bobby/system/hardwaretime.bb **** 			prev = cur;
 168:/home/anaz/Desktop/oldbb-ssh/build/src-bobby/system/hardwaretime.bb **** 			cur = cur->next;
 407               		.loc 1 168 0
 408 01d2 2081      		ld r18,Z
 409 01d4 3181      		ldd r19,Z+1
 410               	.LVL22:
 411 01d6 DF01      		movw r26,r30
 165:/home/anaz/Desktop/oldbb-ssh/build/src-bobby/system/hardwaretime.bb **** 		while((cur != NULL) && (cur->callback != h))
 412               		.loc 1 165 0
 413 01d8 2115      		cp r18,__zero_reg__
 414 01da 3105      		cpc r19,__zero_reg__
 415 01dc 01F0      		breq .L48
 416               	.LVL23:
 417               		.loc 1 168 0
 418 01de F901      		movw r30,r18
 419               	.LVL24:
 420               	.L41:
 165:/home/anaz/Desktop/oldbb-ssh/build/src-bobby/system/hardwaretime.bb **** 		while((cur != NULL) && (cur->callback != h))
 421               		.loc 1 165 0 discriminator 2
 422 01e0 2681      		ldd r18,Z+6
 423 01e2 3781      		ldd r19,Z+7
 424 01e4 2817      		cp r18,r24
 425 01e6 3907      		cpc r19,r25
 426 01e8 01F4      		brne .L42
 427 01ea 00C0      		rjmp .L49
 428               	.LVL25:
 429               	.L45:
 169:/home/anaz/Desktop/oldbb-ssh/build/src-bobby/system/hardwaretime.bb **** 		}
 170:/home/anaz/Desktop/oldbb-ssh/build/src-bobby/system/hardwaretime.bb **** 		
 171:/home/anaz/Desktop/oldbb-ssh/build/src-bobby/system/hardwaretime.bb **** 		if(cur == NULL)
 172:/home/anaz/Desktop/oldbb-ssh/build/src-bobby/system/hardwaretime.bb **** 		{
 173:/home/anaz/Desktop/oldbb-ssh/build/src-bobby/system/hardwaretime.bb **** 			return 0;
 174:/home/anaz/Desktop/oldbb-ssh/build/src-bobby/system/hardwaretime.bb **** 		}
 175:/home/anaz/Desktop/oldbb-ssh/build/src-bobby/system/hardwaretime.bb **** 		else
 176:/home/anaz/Desktop/oldbb-ssh/build/src-bobby/system/hardwaretime.bb **** 		{
 177:/home/anaz/Desktop/oldbb-ssh/build/src-bobby/system/hardwaretime.bb **** 			if(prev == NULL)
 178:/home/anaz/Desktop/oldbb-ssh/build/src-bobby/system/hardwaretime.bb **** 			{
 179:/home/anaz/Desktop/oldbb-ssh/build/src-bobby/system/hardwaretime.bb **** 				timeoutList = cur->next;
 430               		.loc 1 179 0
 431 01ec 8093 0000 		sts timeoutList,r24
 432 01f0 9093 0000 		sts timeoutList+1,r25
 433 01f4 00C0      		rjmp .L44
 434               	.L51:
 180:/home/anaz/Desktop/oldbb-ssh/build/src-bobby/system/hardwaretime.bb **** 			}
 181:/home/anaz/Desktop/oldbb-ssh/build/src-bobby/system/hardwaretime.bb **** 			else
 182:/home/anaz/Desktop/oldbb-ssh/build/src-bobby/system/hardwaretime.bb **** 			{
 183:/home/anaz/Desktop/oldbb-ssh/build/src-bobby/system/hardwaretime.bb **** 				prev->next = cur->next;
 435               		.loc 1 183 0
 436 01f6 8D93      		st X+,r24
 437 01f8 9C93      		st X,r25
 438               	.L44:
 184:/home/anaz/Desktop/oldbb-ssh/build/src-bobby/system/hardwaretime.bb **** 			}
 185:/home/anaz/Desktop/oldbb-ssh/build/src-bobby/system/hardwaretime.bb **** 			
 186:/home/anaz/Desktop/oldbb-ssh/build/src-bobby/system/hardwaretime.bb **** 			cur->state = INACTIVE;
 439               		.loc 1 186 0
 440 01fa 1086      		std Z+8,__zero_reg__
 187:/home/anaz/Desktop/oldbb-ssh/build/src-bobby/system/hardwaretime.bb **** 			
 188:/home/anaz/Desktop/oldbb-ssh/build/src-bobby/system/hardwaretime.bb **** 			return 1;
 441               		.loc 1 188 0
 442 01fc 21E0      		ldi r18,lo8(1)
 443 01fe 30E0      		ldi r19,0
 444 0200 00C0      		rjmp .L50
 445               	.LVL26:
 446               	.L48:
 156:/home/anaz/Desktop/oldbb-ssh/build/src-bobby/system/hardwaretime.bb **** 		return 0;
 447               		.loc 1 156 0
 448 0202 20E0      		ldi r18,0
 449 0204 30E0      		ldi r19,0
 450 0206 00C0      		rjmp .L50
 451               	.L49:
 452 0208 8081      		ld r24,Z
 453 020a 9181      		ldd r25,Z+1
 454               	.LVL27:
 177:/home/anaz/Desktop/oldbb-ssh/build/src-bobby/system/hardwaretime.bb **** 			if(prev == NULL)
 455               		.loc 1 177 0
 456 020c 1097      		sbiw r26,0
 457 020e 01F4      		brne .L51
 458 0210 00C0      		rjmp .L45
 459               	.L50:
 460               	.LBE20:
 189:/home/anaz/Desktop/oldbb-ssh/build/src-bobby/system/hardwaretime.bb **** 		}
 190:/home/anaz/Desktop/oldbb-ssh/build/src-bobby/system/hardwaretime.bb **** 	}
 191:/home/anaz/Desktop/oldbb-ssh/build/src-bobby/system/hardwaretime.bb **** 
 192:/home/anaz/Desktop/oldbb-ssh/build/src-bobby/system/hardwaretime.bb **** }
 461               		.loc 1 192 0
 462 0212 C901      		movw r24,r18
 463 0214 0895      		ret
 464               	.LFE10:
 466               	.global	checkTimer
 468               	checkTimer:
 469               	.LFB11:
 193:/home/anaz/Desktop/oldbb-ssh/build/src-bobby/system/hardwaretime.bb **** 
 194:/home/anaz/Desktop/oldbb-ssh/build/src-bobby/system/hardwaretime.bb **** void checkTimer()
 195:/home/anaz/Desktop/oldbb-ssh/build/src-bobby/system/hardwaretime.bb **** {
 470               		.loc 1 195 0
 471 0216 0F93      		push r16
 472               	.LCFI16:
 473 0218 1F93      		push r17
 474               	.LCFI17:
 475 021a CF93      		push r28
 476               	.LCFI18:
 477 021c DF93      		push r29
 478               	.LCFI19:
 479               	/* prologue: function */
 480               	/* frame size = 0 */
 481               	/* stack size = 4 */
 482               	.L__stack_usage = 4
 196:/home/anaz/Desktop/oldbb-ssh/build/src-bobby/system/hardwaretime.bb **** 	Timer * tt = timerList;
 483               		.loc 1 196 0
 484 021e C091 0000 		lds r28,timerList
 485 0222 D091 0000 		lds r29,timerList+1
 486               	.LVL28:
 197:/home/anaz/Desktop/oldbb-ssh/build/src-bobby/system/hardwaretime.bb **** 	
 198:/home/anaz/Desktop/oldbb-ssh/build/src-bobby/system/hardwaretime.bb **** 	while(tt != NULL)
 487               		.loc 1 198 0
 488 0226 00C0      		rjmp .L53
 489               	.L55:
 199:/home/anaz/Desktop/oldbb-ssh/build/src-bobby/system/hardwaretime.bb **** 	{
 200:/home/anaz/Desktop/oldbb-ssh/build/src-bobby/system/hardwaretime.bb **** 		if(tt->state == ACTIVE)
 490               		.loc 1 200 0
 491 0228 8889      		ldd r24,Y+16
 492 022a 8130      		cpi r24,lo8(1)
 493 022c 01F4      		brne .L54
 201:/home/anaz/Desktop/oldbb-ssh/build/src-bobby/system/hardwaretime.bb **** 		{
 202:/home/anaz/Desktop/oldbb-ssh/build/src-bobby/system/hardwaretime.bb **** 			if((tt->t).state == INACTIVE)
 494               		.loc 1 202 0
 495 022e 8A85      		ldd r24,Y+10
 496 0230 8111      		cpse r24,__zero_reg__
 497 0232 00C0      		rjmp .L54
 498               	.LBB21:
 499               	.LBB22:
  26:/home/anaz/Desktop/oldbb-ssh/build/src-bobby/system/hardwaretime.bb **** 	return getHWTime();
 500               		.loc 1 26 0
 501 0234 0E94 0000 		call getHWTime
 502               	.LVL29:
 503               	.LBE22:
 504               	.LBE21:
 203:/home/anaz/Desktop/oldbb-ssh/build/src-bobby/system/hardwaretime.bb **** 			{
 204:/home/anaz/Desktop/oldbb-ssh/build/src-bobby/system/hardwaretime.bb **** 				(tt->t).calltime = getTime() + tt->period;
 505               		.loc 1 204 0
 506 0238 0C85      		ldd r16,Y+12
 507 023a 1D85      		ldd r17,Y+13
 508 023c 2E85      		ldd r18,Y+14
 509 023e 3F85      		ldd r19,Y+15
 510 0240 600F      		add r22,r16
 511 0242 711F      		adc r23,r17
 512 0244 821F      		adc r24,r18
 513 0246 931F      		adc r25,r19
 514 0248 6C83      		std Y+4,r22
 515 024a 7D83      		std Y+5,r23
 516 024c 8E83      		std Y+6,r24
 517 024e 9F83      		std Y+7,r25
 205:/home/anaz/Desktop/oldbb-ssh/build/src-bobby/system/hardwaretime.bb **** 				registerTimeout(&(tt->t));
 518               		.loc 1 205 0
 519 0250 CE01      		movw r24,r28
 520 0252 0296      		adiw r24,2
 521 0254 0E94 0000 		call registerTimeout
 522               	.LVL30:
 523               	.L54:
 206:/home/anaz/Desktop/oldbb-ssh/build/src-bobby/system/hardwaretime.bb **** 				
 207:/home/anaz/Desktop/oldbb-ssh/build/src-bobby/system/hardwaretime.bb **** 			}
 208:/home/anaz/Desktop/oldbb-ssh/build/src-bobby/system/hardwaretime.bb **** 		}
 209:/home/anaz/Desktop/oldbb-ssh/build/src-bobby/system/hardwaretime.bb **** 	
 210:/home/anaz/Desktop/oldbb-ssh/build/src-bobby/system/hardwaretime.bb **** 		tt = tt->next;
 524               		.loc 1 210 0
 525 0258 0990      		ld __tmp_reg__,Y+
 526 025a D881      		ld r29,Y
 527 025c C02D      		mov r28,__tmp_reg__
 528               	.LVL31:
 529               	.L53:
 198:/home/anaz/Desktop/oldbb-ssh/build/src-bobby/system/hardwaretime.bb **** 	while(tt != NULL)
 530               		.loc 1 198 0 discriminator 1
 531 025e 2097      		sbiw r28,0
 532 0260 01F4      		brne .L55
 533               	/* epilogue start */
 211:/home/anaz/Desktop/oldbb-ssh/build/src-bobby/system/hardwaretime.bb **** 	}
 212:/home/anaz/Desktop/oldbb-ssh/build/src-bobby/system/hardwaretime.bb **** }
 534               		.loc 1 212 0
 535 0262 DF91      		pop r29
 536 0264 CF91      		pop r28
 537               	.LVL32:
 538 0266 1F91      		pop r17
 539 0268 0F91      		pop r16
 540 026a 0895      		ret
 541               	.LFE11:
 543               	.global	registerTimer
 545               	registerTimer:
 546               	.LFB12:
 213:/home/anaz/Desktop/oldbb-ssh/build/src-bobby/system/hardwaretime.bb **** 
 214:/home/anaz/Desktop/oldbb-ssh/build/src-bobby/system/hardwaretime.bb **** int registerTimer(Timer * tt)
 215:/home/anaz/Desktop/oldbb-ssh/build/src-bobby/system/hardwaretime.bb **** {
 547               		.loc 1 215 0
 548               	.LVL33:
 549               	/* prologue: function */
 550               	/* frame size = 0 */
 551               	/* stack size = 0 */
 552               	.L__stack_usage = 0
 216:/home/anaz/Desktop/oldbb-ssh/build/src-bobby/system/hardwaretime.bb ****   tt->next = NULL;
 553               		.loc 1 216 0
 554 026c FC01      		movw r30,r24
 555 026e 1082      		st Z,__zero_reg__
 556 0270 1182      		std Z+1,__zero_reg__
 217:/home/anaz/Desktop/oldbb-ssh/build/src-bobby/system/hardwaretime.bb **** 
 218:/home/anaz/Desktop/oldbb-ssh/build/src-bobby/system/hardwaretime.bb **** 	if(timerList == NULL)
 557               		.loc 1 218 0
 558 0272 E091 0000 		lds r30,timerList
 559 0276 F091 0000 		lds r31,timerList+1
 560 027a 3097      		sbiw r30,0
 561 027c 01F4      		brne .L63
 219:/home/anaz/Desktop/oldbb-ssh/build/src-bobby/system/hardwaretime.bb **** 	{
 220:/home/anaz/Desktop/oldbb-ssh/build/src-bobby/system/hardwaretime.bb **** 		timerList = tt;
 562               		.loc 1 220 0
 563 027e 8093 0000 		sts timerList,r24
 564 0282 9093 0000 		sts timerList+1,r25
 565 0286 00C0      		rjmp .L58
 566               	.LVL34:
 567               	.L60:
 568               	.LBB23:
 221:/home/anaz/Desktop/oldbb-ssh/build/src-bobby/system/hardwaretime.bb **** 		
 222:/home/anaz/Desktop/oldbb-ssh/build/src-bobby/system/hardwaretime.bb **** 	}
 223:/home/anaz/Desktop/oldbb-ssh/build/src-bobby/system/hardwaretime.bb **** 	else
 224:/home/anaz/Desktop/oldbb-ssh/build/src-bobby/system/hardwaretime.bb **** 	{
 225:/home/anaz/Desktop/oldbb-ssh/build/src-bobby/system/hardwaretime.bb **** 		Timer * cur = timerList;
 226:/home/anaz/Desktop/oldbb-ssh/build/src-bobby/system/hardwaretime.bb **** 		
 227:/home/anaz/Desktop/oldbb-ssh/build/src-bobby/system/hardwaretime.bb **** 		
 228:/home/anaz/Desktop/oldbb-ssh/build/src-bobby/system/hardwaretime.bb **** 		while(cur->next != NULL)
 229:/home/anaz/Desktop/oldbb-ssh/build/src-bobby/system/hardwaretime.bb **** 		{
 230:/home/anaz/Desktop/oldbb-ssh/build/src-bobby/system/hardwaretime.bb **** 		  assert(tt != cur);
 569               		.loc 1 230 0
 570 0288 8E17      		cp r24,r30
 571 028a 9F07      		cpc r25,r31
 572 028c 01F4      		brne .L62
 573               	.L61:
 574               		.loc 1 230 0 is_stmt 0 discriminator 1
 575 028e 0E94 0000 		call abort
 576               	.LVL35:
 577               	.L62:
 231:/home/anaz/Desktop/oldbb-ssh/build/src-bobby/system/hardwaretime.bb **** 			cur = cur->next;
 578               		.loc 1 231 0 is_stmt 1
 579 0292 F901      		movw r30,r18
 580               	.LVL36:
 581               	.L63:
 228:/home/anaz/Desktop/oldbb-ssh/build/src-bobby/system/hardwaretime.bb **** 		while(cur->next != NULL)
 582               		.loc 1 228 0 discriminator 1
 583 0294 2081      		ld r18,Z
 584 0296 3181      		ldd r19,Z+1
 585 0298 2115      		cp r18,__zero_reg__
 586 029a 3105      		cpc r19,__zero_reg__
 587 029c 01F4      		brne .L60
 232:/home/anaz/Desktop/oldbb-ssh/build/src-bobby/system/hardwaretime.bb **** 		}
 233:/home/anaz/Desktop/oldbb-ssh/build/src-bobby/system/hardwaretime.bb **** 		assert(tt != cur);
 588               		.loc 1 233 0
 589 029e 8E17      		cp r24,r30
 590 02a0 9F07      		cpc r25,r31
 591 02a2 01F0      		breq .L61
 234:/home/anaz/Desktop/oldbb-ssh/build/src-bobby/system/hardwaretime.bb **** 		
 235:/home/anaz/Desktop/oldbb-ssh/build/src-bobby/system/hardwaretime.bb **** 		cur->next = tt;
 592               		.loc 1 235 0
 593 02a4 8083      		st Z,r24
 594 02a6 9183      		std Z+1,r25
 595               	.LVL37:
 596               	.L58:
 597               	.LBE23:
 236:/home/anaz/Desktop/oldbb-ssh/build/src-bobby/system/hardwaretime.bb **** 	}
 237:/home/anaz/Desktop/oldbb-ssh/build/src-bobby/system/hardwaretime.bb **** 	
 238:/home/anaz/Desktop/oldbb-ssh/build/src-bobby/system/hardwaretime.bb **** 	tt->state = ACTIVE;	
 598               		.loc 1 238 0
 599 02a8 21E0      		ldi r18,lo8(1)
 600 02aa FC01      		movw r30,r24
 601 02ac 208B      		std Z+16,r18
 239:/home/anaz/Desktop/oldbb-ssh/build/src-bobby/system/hardwaretime.bb **** 	
 240:/home/anaz/Desktop/oldbb-ssh/build/src-bobby/system/hardwaretime.bb **** 	return 1;
 241:/home/anaz/Desktop/oldbb-ssh/build/src-bobby/system/hardwaretime.bb **** }
 602               		.loc 1 241 0
 603 02ae 81E0      		ldi r24,lo8(1)
 604 02b0 90E0      		ldi r25,0
 605               	.LVL38:
 606 02b2 0895      		ret
 607               	.LFE12:
 609               	.global	deregisterTimer
 611               	deregisterTimer:
 612               	.LFB13:
 242:/home/anaz/Desktop/oldbb-ssh/build/src-bobby/system/hardwaretime.bb **** 
 243:/home/anaz/Desktop/oldbb-ssh/build/src-bobby/system/hardwaretime.bb **** int deregisterTimer(Timer * tt)
 244:/home/anaz/Desktop/oldbb-ssh/build/src-bobby/system/hardwaretime.bb **** {
 613               		.loc 1 244 0
 614               	.LVL39:
 615               	/* prologue: function */
 616               	/* frame size = 0 */
 617               	/* stack size = 0 */
 618               	.L__stack_usage = 0
 245:/home/anaz/Desktop/oldbb-ssh/build/src-bobby/system/hardwaretime.bb **** 	if(timerList == NULL)
 619               		.loc 1 245 0
 620 02b4 E091 0000 		lds r30,timerList
 621 02b8 F091 0000 		lds r31,timerList+1
 622 02bc 3097      		sbiw r30,0
 623 02be 01F0      		breq .L73
 624 02c0 A0E0      		ldi r26,0
 625 02c2 B0E0      		ldi r27,0
 626 02c4 00C0      		rjmp .L66
 627               	.L67:
 628               	.LVL40:
 629               	.LBB24:
 246:/home/anaz/Desktop/oldbb-ssh/build/src-bobby/system/hardwaretime.bb **** 	{
 247:/home/anaz/Desktop/oldbb-ssh/build/src-bobby/system/hardwaretime.bb **** 		return 0;
 248:/home/anaz/Desktop/oldbb-ssh/build/src-bobby/system/hardwaretime.bb **** 	}
 249:/home/anaz/Desktop/oldbb-ssh/build/src-bobby/system/hardwaretime.bb **** 	else
 250:/home/anaz/Desktop/oldbb-ssh/build/src-bobby/system/hardwaretime.bb **** 	{
 251:/home/anaz/Desktop/oldbb-ssh/build/src-bobby/system/hardwaretime.bb **** 		Timer * prev = NULL;
 252:/home/anaz/Desktop/oldbb-ssh/build/src-bobby/system/hardwaretime.bb **** 		Timer * cur = timerList;
 253:/home/anaz/Desktop/oldbb-ssh/build/src-bobby/system/hardwaretime.bb **** 	
 254:/home/anaz/Desktop/oldbb-ssh/build/src-bobby/system/hardwaretime.bb **** 		while(cur != NULL && cur != tt)
 255:/home/anaz/Desktop/oldbb-ssh/build/src-bobby/system/hardwaretime.bb **** 		{
 256:/home/anaz/Desktop/oldbb-ssh/build/src-bobby/system/hardwaretime.bb **** 			prev = cur;
 257:/home/anaz/Desktop/oldbb-ssh/build/src-bobby/system/hardwaretime.bb **** 			cur = cur->next;
 630               		.loc 1 257 0
 631 02c6 2081      		ld r18,Z
 632 02c8 3181      		ldd r19,Z+1
 633               	.LVL41:
 634 02ca DF01      		movw r26,r30
 254:/home/anaz/Desktop/oldbb-ssh/build/src-bobby/system/hardwaretime.bb **** 		while(cur != NULL && cur != tt)
 635               		.loc 1 254 0
 636 02cc 2115      		cp r18,__zero_reg__
 637 02ce 3105      		cpc r19,__zero_reg__
 638 02d0 01F0      		breq .L73
 639               		.loc 1 257 0
 640 02d2 F901      		movw r30,r18
 641               	.LVL42:
 642               	.L66:
 254:/home/anaz/Desktop/oldbb-ssh/build/src-bobby/system/hardwaretime.bb **** 		while(cur != NULL && cur != tt)
 643               		.loc 1 254 0 discriminator 2
 644 02d4 E817      		cp r30,r24
 645 02d6 F907      		cpc r31,r25
 646 02d8 01F4      		brne .L67
 647 02da 00C0      		rjmp .L74
 648               	.LVL43:
 649               	.L70:
 258:/home/anaz/Desktop/oldbb-ssh/build/src-bobby/system/hardwaretime.bb **** 		}
 259:/home/anaz/Desktop/oldbb-ssh/build/src-bobby/system/hardwaretime.bb **** 		
 260:/home/anaz/Desktop/oldbb-ssh/build/src-bobby/system/hardwaretime.bb **** 		if(cur == NULL)
 261:/home/anaz/Desktop/oldbb-ssh/build/src-bobby/system/hardwaretime.bb **** 		{
 262:/home/anaz/Desktop/oldbb-ssh/build/src-bobby/system/hardwaretime.bb **** 			return 0;
 263:/home/anaz/Desktop/oldbb-ssh/build/src-bobby/system/hardwaretime.bb **** 		}
 264:/home/anaz/Desktop/oldbb-ssh/build/src-bobby/system/hardwaretime.bb **** 		else
 265:/home/anaz/Desktop/oldbb-ssh/build/src-bobby/system/hardwaretime.bb **** 		{
 266:/home/anaz/Desktop/oldbb-ssh/build/src-bobby/system/hardwaretime.bb **** 			if(prev == NULL)
 267:/home/anaz/Desktop/oldbb-ssh/build/src-bobby/system/hardwaretime.bb **** 			{
 268:/home/anaz/Desktop/oldbb-ssh/build/src-bobby/system/hardwaretime.bb **** 				timerList = cur->next;
 650               		.loc 1 268 0
 651 02dc 8093 0000 		sts timerList,r24
 652 02e0 9093 0000 		sts timerList+1,r25
 653 02e4 00C0      		rjmp .L69
 654               	.L76:
 269:/home/anaz/Desktop/oldbb-ssh/build/src-bobby/system/hardwaretime.bb **** 			}
 270:/home/anaz/Desktop/oldbb-ssh/build/src-bobby/system/hardwaretime.bb **** 			else
 271:/home/anaz/Desktop/oldbb-ssh/build/src-bobby/system/hardwaretime.bb **** 			{
 272:/home/anaz/Desktop/oldbb-ssh/build/src-bobby/system/hardwaretime.bb **** 				prev->next = cur->next;
 655               		.loc 1 272 0
 656 02e6 8D93      		st X+,r24
 657 02e8 9C93      		st X,r25
 658               	.L69:
 273:/home/anaz/Desktop/oldbb-ssh/build/src-bobby/system/hardwaretime.bb **** 			}
 274:/home/anaz/Desktop/oldbb-ssh/build/src-bobby/system/hardwaretime.bb **** 			cur->next = NULL;
 659               		.loc 1 274 0
 660 02ea 1082      		st Z,__zero_reg__
 661 02ec 1182      		std Z+1,__zero_reg__
 275:/home/anaz/Desktop/oldbb-ssh/build/src-bobby/system/hardwaretime.bb **** 			cur->state = INACTIVE;
 662               		.loc 1 275 0
 663 02ee 108A      		std Z+16,__zero_reg__
 276:/home/anaz/Desktop/oldbb-ssh/build/src-bobby/system/hardwaretime.bb **** 			
 277:/home/anaz/Desktop/oldbb-ssh/build/src-bobby/system/hardwaretime.bb **** 			return 1;
 664               		.loc 1 277 0
 665 02f0 21E0      		ldi r18,lo8(1)
 666 02f2 30E0      		ldi r19,0
 667 02f4 00C0      		rjmp .L75
 668               	.LVL44:
 669               	.L73:
 247:/home/anaz/Desktop/oldbb-ssh/build/src-bobby/system/hardwaretime.bb **** 		return 0;
 670               		.loc 1 247 0
 671 02f6 20E0      		ldi r18,0
 672 02f8 30E0      		ldi r19,0
 673 02fa 00C0      		rjmp .L75
 674               	.L74:
 675 02fc 8081      		ld r24,Z
 676 02fe 9181      		ldd r25,Z+1
 677               	.LVL45:
 266:/home/anaz/Desktop/oldbb-ssh/build/src-bobby/system/hardwaretime.bb **** 			if(prev == NULL)
 678               		.loc 1 266 0
 679 0300 1097      		sbiw r26,0
 680 0302 01F4      		brne .L76
 681 0304 00C0      		rjmp .L70
 682               	.L75:
 683               	.LBE24:
 278:/home/anaz/Desktop/oldbb-ssh/build/src-bobby/system/hardwaretime.bb **** 		}
 279:/home/anaz/Desktop/oldbb-ssh/build/src-bobby/system/hardwaretime.bb **** 	}
 280:/home/anaz/Desktop/oldbb-ssh/build/src-bobby/system/hardwaretime.bb **** }
 684               		.loc 1 280 0
 685 0306 C901      		movw r24,r18
 686 0308 0895      		ret
 687               	.LFE13:
 689               	.global	clearTimer
 691               	clearTimer:
 692               	.LFB14:
 281:/home/anaz/Desktop/oldbb-ssh/build/src-bobby/system/hardwaretime.bb **** 
 282:/home/anaz/Desktop/oldbb-ssh/build/src-bobby/system/hardwaretime.bb **** // attempts to deregister the timer and its timeout from both queues.
 283:/home/anaz/Desktop/oldbb-ssh/build/src-bobby/system/hardwaretime.bb **** // returns the sum of the component deregistrations.
 284:/home/anaz/Desktop/oldbb-ssh/build/src-bobby/system/hardwaretime.bb **** int clearTimer(Timer * tt)
 285:/home/anaz/Desktop/oldbb-ssh/build/src-bobby/system/hardwaretime.bb **** {
 693               		.loc 1 285 0
 694               	.LVL46:
 695 030a 0F93      		push r16
 696               	.LCFI20:
 697 030c 1F93      		push r17
 698               	.LCFI21:
 699 030e CF93      		push r28
 700               	.LCFI22:
 701 0310 DF93      		push r29
 702               	.LCFI23:
 703               	/* prologue: function */
 704               	/* frame size = 0 */
 705               	/* stack size = 4 */
 706               	.L__stack_usage = 4
 707 0312 8C01      		movw r16,r24
 286:/home/anaz/Desktop/oldbb-ssh/build/src-bobby/system/hardwaretime.bb **** 
 287:/home/anaz/Desktop/oldbb-ssh/build/src-bobby/system/hardwaretime.bb ****   int ret = deregisterTimer(tt);
 708               		.loc 1 287 0
 709 0314 0E94 0000 		call deregisterTimer
 710               	.LVL47:
 711 0318 EC01      		movw r28,r24
 712               	.LVL48:
 288:/home/anaz/Desktop/oldbb-ssh/build/src-bobby/system/hardwaretime.bb **** 
 289:/home/anaz/Desktop/oldbb-ssh/build/src-bobby/system/hardwaretime.bb **** 
 290:/home/anaz/Desktop/oldbb-ssh/build/src-bobby/system/hardwaretime.bb ****   if(tt != NULL)
 713               		.loc 1 290 0
 714 031a 0115      		cp r16,__zero_reg__
 715 031c 1105      		cpc r17,__zero_reg__
 716 031e 01F0      		breq .L78
 291:/home/anaz/Desktop/oldbb-ssh/build/src-bobby/system/hardwaretime.bb ****     {
 292:/home/anaz/Desktop/oldbb-ssh/build/src-bobby/system/hardwaretime.bb ****       ret += deregisterTimeout(&(tt->t));
 717               		.loc 1 292 0
 718 0320 C801      		movw r24,r16
 719               	.LVL49:
 720 0322 0296      		adiw r24,2
 721 0324 0E94 0000 		call deregisterTimeout
 722               	.LVL50:
 723 0328 C80F      		add r28,r24
 724 032a D91F      		adc r29,r25
 725               	.LVL51:
 726               	.L78:
 293:/home/anaz/Desktop/oldbb-ssh/build/src-bobby/system/hardwaretime.bb ****     }
 294:/home/anaz/Desktop/oldbb-ssh/build/src-bobby/system/hardwaretime.bb **** 
 295:/home/anaz/Desktop/oldbb-ssh/build/src-bobby/system/hardwaretime.bb ****   return ret;
 296:/home/anaz/Desktop/oldbb-ssh/build/src-bobby/system/hardwaretime.bb **** }
 727               		.loc 1 296 0
 728 032c CE01      		movw r24,r28
 729               	/* epilogue start */
 730 032e DF91      		pop r29
 731 0330 CF91      		pop r28
 732               	.LVL52:
 733 0332 1F91      		pop r17
 734 0334 0F91      		pop r16
 735               	.LVL53:
 736 0336 0895      		ret
 737               	.LFE14:
 739               	.global	initTime
 741               	initTime:
 742               	.LFB15:
 297:/home/anaz/Desktop/oldbb-ssh/build/src-bobby/system/hardwaretime.bb **** 
 298:/home/anaz/Desktop/oldbb-ssh/build/src-bobby/system/hardwaretime.bb **** void initTime()
 299:/home/anaz/Desktop/oldbb-ssh/build/src-bobby/system/hardwaretime.bb **** {
 743               		.loc 1 299 0
 744               	/* prologue: function */
 745               	/* frame size = 0 */
 746               	/* stack size = 0 */
 747               	.L__stack_usage = 0
 300:/home/anaz/Desktop/oldbb-ssh/build/src-bobby/system/hardwaretime.bb **** 	timeoutList = NULL;
 748               		.loc 1 300 0
 749 0338 1092 0000 		sts timeoutList,__zero_reg__
 750 033c 1092 0000 		sts timeoutList+1,__zero_reg__
 301:/home/anaz/Desktop/oldbb-ssh/build/src-bobby/system/hardwaretime.bb **** 	thisTimeout = NULL;
 751               		.loc 1 301 0
 752 0340 1092 0000 		sts thisTimeout,__zero_reg__
 753 0344 1092 0000 		sts thisTimeout+1,__zero_reg__
 302:/home/anaz/Desktop/oldbb-ssh/build/src-bobby/system/hardwaretime.bb **** 	timerList = NULL;
 754               		.loc 1 302 0
 755 0348 1092 0000 		sts timerList,__zero_reg__
 756 034c 1092 0000 		sts timerList+1,__zero_reg__
 303:/home/anaz/Desktop/oldbb-ssh/build/src-bobby/system/hardwaretime.bb **** 	
 304:/home/anaz/Desktop/oldbb-ssh/build/src-bobby/system/hardwaretime.bb **** 	initHWTime();
 757               		.loc 1 304 0
 758 0350 0C94 0000 		jmp initHWTime
 759               	.LVL54:
 760               	.LFE15:
 762               		.comm	timerList,2,1
 763               		.comm	timeoutList,2,1
 764               		.comm	thisTimeout,2,1
 1011               	.Letext0:
 1012               		.file 2 "/usr/lib/gcc/avr/4.7.2/../../../avr/include/stdint.h"
 1013               		.file 3 "/home/anaz/Desktop/oldbb-ssh/build/src-bobby/system/defs.bbh"
 1014               		.file 4 "/home/anaz/Desktop/oldbb-ssh/build/src-bobby/system/handler.bbh"
 1015               		.file 5 "/home/anaz/Desktop/oldbb-ssh/build/src-bobby/system/hardwaretime.bbh"
 1016               		.file 6 "/home/anaz/Desktop/oldbb-ssh/build/src-bobby/system/../hw-api/hwTime.h"
 1017               		.file 7 "/usr/lib/gcc/avr/4.7.2/../../../avr/include/stdlib.h"
DEFINED SYMBOLS
                            *ABS*:0000000000000000 hardwaretime.c
     /tmp/ccWhIGhB.s:2      *ABS*:000000000000003e __SP_H__
     /tmp/ccWhIGhB.s:3      *ABS*:000000000000003d __SP_L__
     /tmp/ccWhIGhB.s:4      *ABS*:000000000000003f __SREG__
     /tmp/ccWhIGhB.s:5      *ABS*:000000000000003b __RAMPZ__
     /tmp/ccWhIGhB.s:6      *ABS*:0000000000000034 __CCP__
     /tmp/ccWhIGhB.s:7      *ABS*:0000000000000000 __tmp_reg__
     /tmp/ccWhIGhB.s:8      *ABS*:0000000000000001 __zero_reg__
     /tmp/ccWhIGhB.s:13     .text:0000000000000000 delayMS
     /tmp/ccWhIGhB.s:84     .text:0000000000000044 getTime
     /tmp/ccWhIGhB.s:98     .text:0000000000000048 checkTimeout
                            *COM*:0000000000000002 timeoutList
                            *COM*:0000000000000002 thisTimeout
     /tmp/ccWhIGhB.s:197    .text:00000000000000da registerTimeout
     /tmp/ccWhIGhB.s:311    .text:000000000000016a deregisterTimeout
     /tmp/ccWhIGhB.s:388    .text:00000000000001c0 deregisterTimeoutByHandler
     /tmp/ccWhIGhB.s:468    .text:0000000000000216 checkTimer
                            *COM*:0000000000000002 timerList
     /tmp/ccWhIGhB.s:545    .text:000000000000026c registerTimer
     /tmp/ccWhIGhB.s:611    .text:00000000000002b4 deregisterTimer
     /tmp/ccWhIGhB.s:691    .text:000000000000030a clearTimer
     /tmp/ccWhIGhB.s:741    .text:0000000000000338 initTime

UNDEFINED SYMBOLS
getHWTime
abort
initHWTime
__do_clear_bss
