   1               		.file	"hwBoot.c"
   2               	__SP_H__ = 0x3e
   3               	__SP_L__ = 0x3d
   4               	__SREG__ = 0x3f
   5               	__RAMPZ__ = 0x3b
   6               	__CCP__ = 0x34
   7               	__tmp_reg__ = 0
   8               	__zero_reg__ = 1
   9               		.text
  10               	.Ltext0:
  11               	.global	jumpToHWBootSection
  13               	jumpToHWBootSection:
  14               	.LFB0:
  15               		.file 1 "/home/pthalamy/CMU/oldbb/build/src-bobby/hw-block/hwBoot.c"
   1:/home/pthalamy/CMU/oldbb/build/src-bobby/hw-block/hwBoot.c **** #include <avr/io.h>
   2:/home/pthalamy/CMU/oldbb/build/src-bobby/hw-block/hwBoot.c **** #include "../hw-api/hwBoot.h"
   3:/home/pthalamy/CMU/oldbb/build/src-bobby/hw-block/hwBoot.c **** 
   4:/home/pthalamy/CMU/oldbb/build/src-bobby/hw-block/hwBoot.c **** void jumpToHWBootSection(){
  16               		.loc 1 4 0
  17               	/* prologue: function */
  18               	/* frame size = 0 */
  19               	/* stack size = 0 */
  20               	.L__stack_usage = 0
   5:/home/pthalamy/CMU/oldbb/build/src-bobby/hw-block/hwBoot.c **** 	uint8_t temp = RST.CTRL | RST_SWRST_bm;
  21               		.loc 1 5 0
  22 0000 E8E7      		ldi r30,lo8(120)
  23 0002 F0E0      		ldi r31,0
  24 0004 8181      		ldd r24,Z+1
  25 0006 8160      		ori r24,lo8(1)
  26               	.LVL0:
   6:/home/pthalamy/CMU/oldbb/build/src-bobby/hw-block/hwBoot.c **** 	CCP = CCP_IOREG_gc; // grab permission to modify the reset reg
  27               		.loc 1 6 0
  28 0008 98ED      		ldi r25,lo8(-40)
  29 000a 94BF      		out __CCP__,r25
   7:/home/pthalamy/CMU/oldbb/build/src-bobby/hw-block/hwBoot.c **** 	RST.CTRL = temp; // set the reset reg to trigger a SW reset
  30               		.loc 1 7 0
  31 000c 8183      		std Z+1,r24
  32 000e 0895      		ret
  33               	.LFE0:
  61               	.Letext0:
  62               		.file 2 "/usr/lib/gcc/avr/4.7.2/../../../avr/include/stdint.h"
  63               		.file 3 "/usr/lib/gcc/avr/4.7.2/../../../avr/include/avr/iox256a3.h"
DEFINED SYMBOLS
                            *ABS*:0000000000000000 hwBoot.c
     /tmp/cchsXUax.s:2      *ABS*:000000000000003e __SP_H__
     /tmp/cchsXUax.s:3      *ABS*:000000000000003d __SP_L__
     /tmp/cchsXUax.s:4      *ABS*:000000000000003f __SREG__
     /tmp/cchsXUax.s:5      *ABS*:000000000000003b __RAMPZ__
     /tmp/cchsXUax.s:6      *ABS*:0000000000000034 __CCP__
     /tmp/cchsXUax.s:7      *ABS*:0000000000000000 __tmp_reg__
     /tmp/cchsXUax.s:8      *ABS*:0000000000000001 __zero_reg__
     /tmp/cchsXUax.s:13     .text:0000000000000000 jumpToHWBootSection

NO UNDEFINED SYMBOLS
