   1               		.file	"hwMicrophone.c"
   2               	__SP_H__ = 0x3e
   3               	__SP_L__ = 0x3d
   4               	__SREG__ = 0x3f
   5               	__RAMPZ__ = 0x3b
   6               	__CCP__ = 0x34
   7               	__tmp_reg__ = 0
   8               	__zero_reg__ = 1
   9               		.text
  10               	.Ltext0:
  11               	.global	updateHWMic
  13               	updateHWMic:
  14               	.LFB5:
  15               		.file 1 "/home/anaz/Desktop/oldbb-ssh/build/src-bobby/hw-block/hwMicrophone.c"
   1:/home/anaz/Desktop/oldbb-ssh/build/src-bobby/hw-block/hwMicrophone.c **** #include <avr/io.h>
   2:/home/anaz/Desktop/oldbb-ssh/build/src-bobby/hw-block/hwMicrophone.c **** #include <avr/interrupt.h>
   3:/home/anaz/Desktop/oldbb-ssh/build/src-bobby/hw-block/hwMicrophone.c **** #include "../system/defs.h"
   4:/home/anaz/Desktop/oldbb-ssh/build/src-bobby/hw-block/hwMicrophone.c **** #include "../system/microphone.h"
   5:/home/anaz/Desktop/oldbb-ssh/build/src-bobby/hw-block/hwMicrophone.c **** #include "../hw-api/hwMicrophone.h"
   6:/home/anaz/Desktop/oldbb-ssh/build/src-bobby/hw-block/hwMicrophone.c **** 
   7:/home/anaz/Desktop/oldbb-ssh/build/src-bobby/hw-block/hwMicrophone.c **** 
   8:/home/anaz/Desktop/oldbb-ssh/build/src-bobby/hw-block/hwMicrophone.c **** extern MicData _mic;
   9:/home/anaz/Desktop/oldbb-ssh/build/src-bobby/hw-block/hwMicrophone.c **** 
  10:/home/anaz/Desktop/oldbb-ssh/build/src-bobby/hw-block/hwMicrophone.c **** 
  11:/home/anaz/Desktop/oldbb-ssh/build/src-bobby/hw-block/hwMicrophone.c **** void updateHWMic()
  12:/home/anaz/Desktop/oldbb-ssh/build/src-bobby/hw-block/hwMicrophone.c **** {
  16               		.loc 1 12 0
  17               	/* prologue: function */
  18               	/* frame size = 0 */
  19               	/* stack size = 0 */
  20               	.L__stack_usage = 0
  21               	.LBB7:
  13:/home/anaz/Desktop/oldbb-ssh/build/src-bobby/hw-block/hwMicrophone.c ****     BB_LOCK(ATOMIC_RESTORESTATE)
  22               		.loc 1 13 0
  23 0000 2FB7      		in r18,__SREG__
  24               	.LVL0:
  25               	.LBB8:
  26               	.LBB9:
  27               		.file 2 "/usr/lib/gcc/avr/4.7.2/../../../avr/include/util/atomic.h"
   1:/usr/lib/gcc/avr/4.7.2/../../../avr/include/util/atomic.h **** /* Copyright (c) 2007 Dean Camera
   2:/usr/lib/gcc/avr/4.7.2/../../../avr/include/util/atomic.h ****    All rights reserved.
   3:/usr/lib/gcc/avr/4.7.2/../../../avr/include/util/atomic.h **** 
   4:/usr/lib/gcc/avr/4.7.2/../../../avr/include/util/atomic.h ****    Redistribution and use in source and binary forms, with or without
   5:/usr/lib/gcc/avr/4.7.2/../../../avr/include/util/atomic.h ****    modification, are permitted provided that the following conditions are met:
   6:/usr/lib/gcc/avr/4.7.2/../../../avr/include/util/atomic.h **** 
   7:/usr/lib/gcc/avr/4.7.2/../../../avr/include/util/atomic.h ****    * Redistributions of source code must retain the above copyright
   8:/usr/lib/gcc/avr/4.7.2/../../../avr/include/util/atomic.h ****      notice, this list of conditions and the following disclaimer.
   9:/usr/lib/gcc/avr/4.7.2/../../../avr/include/util/atomic.h **** 
  10:/usr/lib/gcc/avr/4.7.2/../../../avr/include/util/atomic.h ****    * Redistributions in binary form must reproduce the above copyright
  11:/usr/lib/gcc/avr/4.7.2/../../../avr/include/util/atomic.h ****      notice, this list of conditions and the following disclaimer in
  12:/usr/lib/gcc/avr/4.7.2/../../../avr/include/util/atomic.h ****      the documentation and/or other materials provided with the
  13:/usr/lib/gcc/avr/4.7.2/../../../avr/include/util/atomic.h ****      distribution.
  14:/usr/lib/gcc/avr/4.7.2/../../../avr/include/util/atomic.h **** 
  15:/usr/lib/gcc/avr/4.7.2/../../../avr/include/util/atomic.h ****    * Neither the name of the copyright holders nor the names of
  16:/usr/lib/gcc/avr/4.7.2/../../../avr/include/util/atomic.h ****      contributors may be used to endorse or promote products derived
  17:/usr/lib/gcc/avr/4.7.2/../../../avr/include/util/atomic.h ****      from this software without specific prior written permission.
  18:/usr/lib/gcc/avr/4.7.2/../../../avr/include/util/atomic.h **** 
  19:/usr/lib/gcc/avr/4.7.2/../../../avr/include/util/atomic.h ****   THIS SOFTWARE IS PROVIDED BY THE COPYRIGHT HOLDERS AND CONTRIBUTORS "AS IS"
  20:/usr/lib/gcc/avr/4.7.2/../../../avr/include/util/atomic.h ****   AND ANY EXPRESS OR IMPLIED WARRANTIES, INCLUDING, BUT NOT LIMITED TO, THE
  21:/usr/lib/gcc/avr/4.7.2/../../../avr/include/util/atomic.h ****   IMPLIED WARRANTIES OF MERCHANTABILITY AND FITNESS FOR A PARTICULAR PURPOSE
  22:/usr/lib/gcc/avr/4.7.2/../../../avr/include/util/atomic.h ****   ARE DISCLAIMED. IN NO EVENT SHALL THE COPYRIGHT OWNER OR CONTRIBUTORS BE
  23:/usr/lib/gcc/avr/4.7.2/../../../avr/include/util/atomic.h ****   LIABLE FOR ANY DIRECT, INDIRECT, INCIDENTAL, SPECIAL, EXEMPLARY, OR
  24:/usr/lib/gcc/avr/4.7.2/../../../avr/include/util/atomic.h ****   CONSEQUENTIAL DAMAGES (INCLUDING, BUT NOT LIMITED TO, PROCUREMENT OF
  25:/usr/lib/gcc/avr/4.7.2/../../../avr/include/util/atomic.h ****   SUBSTITUTE GOODS OR SERVICES; LOSS OF USE, DATA, OR PROFITS; OR BUSINESS
  26:/usr/lib/gcc/avr/4.7.2/../../../avr/include/util/atomic.h ****   INTERRUPTION) HOWEVER CAUSED AND ON ANY THEORY OF LIABILITY, WHETHER IN
  27:/usr/lib/gcc/avr/4.7.2/../../../avr/include/util/atomic.h ****   CONTRACT, STRICT LIABILITY, OR TORT (INCLUDING NEGLIGENCE OR OTHERWISE)
  28:/usr/lib/gcc/avr/4.7.2/../../../avr/include/util/atomic.h ****   ARISING IN ANY WAY OUT OF THE USE OF THIS SOFTWARE, EVEN IF ADVISED OF THE
  29:/usr/lib/gcc/avr/4.7.2/../../../avr/include/util/atomic.h ****   POSSIBILITY OF SUCH DAMAGE.
  30:/usr/lib/gcc/avr/4.7.2/../../../avr/include/util/atomic.h **** */
  31:/usr/lib/gcc/avr/4.7.2/../../../avr/include/util/atomic.h **** 
  32:/usr/lib/gcc/avr/4.7.2/../../../avr/include/util/atomic.h **** /* $Id: atomic.h 2158 2010-06-10 15:48:28Z joerg_wunsch $ */
  33:/usr/lib/gcc/avr/4.7.2/../../../avr/include/util/atomic.h **** 
  34:/usr/lib/gcc/avr/4.7.2/../../../avr/include/util/atomic.h **** #ifndef _UTIL_ATOMIC_H_
  35:/usr/lib/gcc/avr/4.7.2/../../../avr/include/util/atomic.h **** #define _UTIL_ATOMIC_H_ 1
  36:/usr/lib/gcc/avr/4.7.2/../../../avr/include/util/atomic.h **** 
  37:/usr/lib/gcc/avr/4.7.2/../../../avr/include/util/atomic.h **** #include <avr/io.h>
  38:/usr/lib/gcc/avr/4.7.2/../../../avr/include/util/atomic.h **** #include <avr/interrupt.h>
  39:/usr/lib/gcc/avr/4.7.2/../../../avr/include/util/atomic.h **** 
  40:/usr/lib/gcc/avr/4.7.2/../../../avr/include/util/atomic.h **** #if !defined(__DOXYGEN__)
  41:/usr/lib/gcc/avr/4.7.2/../../../avr/include/util/atomic.h **** /* Internal helper functions. */
  42:/usr/lib/gcc/avr/4.7.2/../../../avr/include/util/atomic.h **** static __inline__ uint8_t __iSeiRetVal(void)
  43:/usr/lib/gcc/avr/4.7.2/../../../avr/include/util/atomic.h **** {
  44:/usr/lib/gcc/avr/4.7.2/../../../avr/include/util/atomic.h ****     sei();
  45:/usr/lib/gcc/avr/4.7.2/../../../avr/include/util/atomic.h ****     return 1;
  46:/usr/lib/gcc/avr/4.7.2/../../../avr/include/util/atomic.h **** }
  47:/usr/lib/gcc/avr/4.7.2/../../../avr/include/util/atomic.h **** 
  48:/usr/lib/gcc/avr/4.7.2/../../../avr/include/util/atomic.h **** static __inline__ uint8_t __iCliRetVal(void)
  49:/usr/lib/gcc/avr/4.7.2/../../../avr/include/util/atomic.h **** {
  50:/usr/lib/gcc/avr/4.7.2/../../../avr/include/util/atomic.h ****     cli();
  28               		.loc 2 50 0
  29               	/* #APP */
  30               	 ;  50 "/usr/lib/gcc/avr/4.7.2/../../../avr/include/util/atomic.h" 1
  31 0002 F894      		cli
  32               	 ;  0 "" 2
  33               	.LVL1:
  34               	/* #NOAPP */
  35               	.LBE9:
  36               	.LBE8:
  14:/home/anaz/Desktop/oldbb-ssh/build/src-bobby/hw-block/hwMicrophone.c ****     // read low, then high byte
  15:/home/anaz/Desktop/oldbb-ssh/build/src-bobby/hw-block/hwMicrophone.c ****     _mic = ADCA.CH0.RES;
  37               		.loc 1 15 0
  38 0004 E0E0      		ldi r30,0
  39 0006 F2E0      		ldi r31,lo8(2)
  40 0008 84A1      		ldd r24,Z+36
  41 000a 95A1      		ldd r25,Z+37
  16:/home/anaz/Desktop/oldbb-ssh/build/src-bobby/hw-block/hwMicrophone.c **** 
  17:/home/anaz/Desktop/oldbb-ssh/build/src-bobby/hw-block/hwMicrophone.c ****     // sign extend to full 16 bits
  18:/home/anaz/Desktop/oldbb-ssh/build/src-bobby/hw-block/hwMicrophone.c ****     _mic = _mic >> 4;
  42               		.loc 1 18 0
  43 000c 34E0      		ldi r19,4
  44               		1:
  45 000e 9595      		asr r25
  46 0010 8795      		ror r24
  47 0012 3A95      		dec r19
  48 0014 01F4      		brne 1b
  49 0016 8093 0000 		sts _mic,r24
  50 001a 9093 0000 		sts _mic+1,r25
  51               	.LVL2:
  52               	.LBB10:
  53               	.LBB11:
  51:/usr/lib/gcc/avr/4.7.2/../../../avr/include/util/atomic.h ****     return 1;
  52:/usr/lib/gcc/avr/4.7.2/../../../avr/include/util/atomic.h **** }
  53:/usr/lib/gcc/avr/4.7.2/../../../avr/include/util/atomic.h **** 
  54:/usr/lib/gcc/avr/4.7.2/../../../avr/include/util/atomic.h **** static __inline__ void __iSeiParam(const uint8_t *__s)
  55:/usr/lib/gcc/avr/4.7.2/../../../avr/include/util/atomic.h **** {
  56:/usr/lib/gcc/avr/4.7.2/../../../avr/include/util/atomic.h ****     sei();
  57:/usr/lib/gcc/avr/4.7.2/../../../avr/include/util/atomic.h ****     __asm__ volatile ("" ::: "memory");
  58:/usr/lib/gcc/avr/4.7.2/../../../avr/include/util/atomic.h ****     (void)__s;
  59:/usr/lib/gcc/avr/4.7.2/../../../avr/include/util/atomic.h **** }
  60:/usr/lib/gcc/avr/4.7.2/../../../avr/include/util/atomic.h **** 
  61:/usr/lib/gcc/avr/4.7.2/../../../avr/include/util/atomic.h **** static __inline__ void __iCliParam(const uint8_t *__s)
  62:/usr/lib/gcc/avr/4.7.2/../../../avr/include/util/atomic.h **** {
  63:/usr/lib/gcc/avr/4.7.2/../../../avr/include/util/atomic.h ****     cli();
  64:/usr/lib/gcc/avr/4.7.2/../../../avr/include/util/atomic.h ****     __asm__ volatile ("" ::: "memory");
  65:/usr/lib/gcc/avr/4.7.2/../../../avr/include/util/atomic.h ****     (void)__s;
  66:/usr/lib/gcc/avr/4.7.2/../../../avr/include/util/atomic.h **** }
  67:/usr/lib/gcc/avr/4.7.2/../../../avr/include/util/atomic.h **** 
  68:/usr/lib/gcc/avr/4.7.2/../../../avr/include/util/atomic.h **** static __inline__ void __iRestore(const  uint8_t *__s)
  69:/usr/lib/gcc/avr/4.7.2/../../../avr/include/util/atomic.h **** {
  70:/usr/lib/gcc/avr/4.7.2/../../../avr/include/util/atomic.h ****     SREG = *__s;
  54               		.loc 2 70 0
  55 001e 2FBF      		out __SREG__,r18
  71:/usr/lib/gcc/avr/4.7.2/../../../avr/include/util/atomic.h ****     __asm__ volatile ("" ::: "memory");
  56               		.loc 2 71 0
  57 0020 0895      		ret
  58               	.LBE11:
  59               	.LBE10:
  60               	.LBE7:
  61               	.LFE5:
  63               	.global	initHWMic
  65               	initHWMic:
  66               	.LFB6:
  19:/home/anaz/Desktop/oldbb-ssh/build/src-bobby/hw-block/hwMicrophone.c ****     BB_UNLOCK(NULL)
  20:/home/anaz/Desktop/oldbb-ssh/build/src-bobby/hw-block/hwMicrophone.c **** 
  21:/home/anaz/Desktop/oldbb-ssh/build/src-bobby/hw-block/hwMicrophone.c ****     // register event
  22:/home/anaz/Desktop/oldbb-ssh/build/src-bobby/hw-block/hwMicrophone.c ****     //triggerHandler(EVENT_MIC_DATA);
  23:/home/anaz/Desktop/oldbb-ssh/build/src-bobby/hw-block/hwMicrophone.c **** }
  24:/home/anaz/Desktop/oldbb-ssh/build/src-bobby/hw-block/hwMicrophone.c **** 
  25:/home/anaz/Desktop/oldbb-ssh/build/src-bobby/hw-block/hwMicrophone.c **** void initHWMic(void)
  26:/home/anaz/Desktop/oldbb-ssh/build/src-bobby/hw-block/hwMicrophone.c **** {
  67               		.loc 1 26 0
  68               	/* prologue: function */
  69               	/* frame size = 0 */
  70               	/* stack size = 0 */
  71               	.L__stack_usage = 0
  27:/home/anaz/Desktop/oldbb-ssh/build/src-bobby/hw-block/hwMicrophone.c ****     // set-up basic function
  28:/home/anaz/Desktop/oldbb-ssh/build/src-bobby/hw-block/hwMicrophone.c ****     ADCA.CTRLA = ADC_ENABLE_bm;                                 // disable combined DMA but enable 
  72               		.loc 1 28 0
  73 0022 E0E0      		ldi r30,0
  74 0024 F2E0      		ldi r31,lo8(2)
  75 0026 81E0      		ldi r24,lo8(1)
  76 0028 8083      		st Z,r24
  29:/home/anaz/Desktop/oldbb-ssh/build/src-bobby/hw-block/hwMicrophone.c ****     ADCA.CTRLB = ADC_CONMODE_bm | ADC_RESOLUTION_LEFT12BIT_gc;  // use signed 12 bit left adjusted 
  77               		.loc 1 29 0
  78 002a 96E1      		ldi r25,lo8(22)
  79 002c 9183      		std Z+1,r25
  30:/home/anaz/Desktop/oldbb-ssh/build/src-bobby/hw-block/hwMicrophone.c ****     ADCA.REFCTRL = ADC_REFSEL_VCC_gc | ADC_BANDGAP_bm;          // disable combined DMA but enable 
  80               		.loc 1 30 0
  81 002e 92E1      		ldi r25,lo8(18)
  82 0030 9283      		std Z+2,r25
  31:/home/anaz/Desktop/oldbb-ssh/build/src-bobby/hw-block/hwMicrophone.c ****     ADCA.PRESCALER = ADC_PRESCALER_DIV512_gc;                   // DIV512 prescaler
  83               		.loc 1 31 0
  84 0032 97E0      		ldi r25,lo8(7)
  85 0034 9483      		std Z+4,r25
  32:/home/anaz/Desktop/oldbb-ssh/build/src-bobby/hw-block/hwMicrophone.c **** 
  33:/home/anaz/Desktop/oldbb-ssh/build/src-bobby/hw-block/hwMicrophone.c ****     // set-up inputs (NOTE: define for ADC_CH_MUXNEG_PIN5_gv is incorrect)
  34:/home/anaz/Desktop/oldbb-ssh/build/src-bobby/hw-block/hwMicrophone.c ****     ADCA.CH0.MUXCTRL = ADC_CH_MUXPOS_PIN0_gc | ADC_CH_MUXNEG_PIN1_gc;   // take inputs from microph
  86               		.loc 1 34 0
  87 0036 81A3      		std Z+33,r24
  35:/home/anaz/Desktop/oldbb-ssh/build/src-bobby/hw-block/hwMicrophone.c ****     ADCA.CH0.CTRL = ADC_CH_GAIN_1X_gc | ADC_CH_INPUTMODE_DIFFWGAIN_gc;  // use differential gain (x
  88               		.loc 1 35 0
  89 0038 93E0      		ldi r25,lo8(3)
  90 003a 90A3      		std Z+32,r25
  36:/home/anaz/Desktop/oldbb-ssh/build/src-bobby/hw-block/hwMicrophone.c **** 
  37:/home/anaz/Desktop/oldbb-ssh/build/src-bobby/hw-block/hwMicrophone.c ****     // set-up interrupts
  38:/home/anaz/Desktop/oldbb-ssh/build/src-bobby/hw-block/hwMicrophone.c ****     ADCA.CH0.INTCTRL = ADC_CH_INTLVL1_bm;    // interrupts on conversion completion with MED priori
  91               		.loc 1 38 0
  92 003c 92E0      		ldi r25,lo8(2)
  93 003e 92A3      		std Z+34,r25
  39:/home/anaz/Desktop/oldbb-ssh/build/src-bobby/hw-block/hwMicrophone.c **** 
  40:/home/anaz/Desktop/oldbb-ssh/build/src-bobby/hw-block/hwMicrophone.c ****     // start conversion/clear interrupts
  41:/home/anaz/Desktop/oldbb-ssh/build/src-bobby/hw-block/hwMicrophone.c ****     ADCA.CH0.INTFLAGS = ADC_CH_CHIF_bm;
  94               		.loc 1 41 0
  95 0040 83A3      		std Z+35,r24
  42:/home/anaz/Desktop/oldbb-ssh/build/src-bobby/hw-block/hwMicrophone.c ****     ADCA.CH0.CTRL |= ADC_CH_START_bm;
  96               		.loc 1 42 0
  97 0042 80A1      		ldd r24,Z+32
  98 0044 8068      		ori r24,lo8(-128)
  99 0046 80A3      		std Z+32,r24
 100 0048 0895      		ret
 101               	.LFE6:
 103               	.global	rejuvenateHWMic
 105               	rejuvenateHWMic:
 106               	.LFB7:
  43:/home/anaz/Desktop/oldbb-ssh/build/src-bobby/hw-block/hwMicrophone.c **** }
  44:/home/anaz/Desktop/oldbb-ssh/build/src-bobby/hw-block/hwMicrophone.c **** 
  45:/home/anaz/Desktop/oldbb-ssh/build/src-bobby/hw-block/hwMicrophone.c **** void rejuvenateHWMic(void)
  46:/home/anaz/Desktop/oldbb-ssh/build/src-bobby/hw-block/hwMicrophone.c **** {
 107               		.loc 1 46 0
 108               	/* prologue: function */
 109               	/* frame size = 0 */
 110               	/* stack size = 0 */
 111               	.L__stack_usage = 0
  47:/home/anaz/Desktop/oldbb-ssh/build/src-bobby/hw-block/hwMicrophone.c ****     // set as outputs
  48:/home/anaz/Desktop/oldbb-ssh/build/src-bobby/hw-block/hwMicrophone.c ****     PORTA.DIRSET = PIN0_bm;
 112               		.loc 1 48 0
 113 004a E0E0      		ldi r30,0
 114 004c F6E0      		ldi r31,lo8(6)
 115 004e 91E0      		ldi r25,lo8(1)
 116 0050 9183      		std Z+1,r25
  49:/home/anaz/Desktop/oldbb-ssh/build/src-bobby/hw-block/hwMicrophone.c ****     PORTA.DIRSET = PIN5_bm;
 117               		.loc 1 49 0
 118 0052 80E2      		ldi r24,lo8(32)
 119 0054 8183      		std Z+1,r24
  50:/home/anaz/Desktop/oldbb-ssh/build/src-bobby/hw-block/hwMicrophone.c **** 
  51:/home/anaz/Desktop/oldbb-ssh/build/src-bobby/hw-block/hwMicrophone.c ****     // drive both back to zero
  52:/home/anaz/Desktop/oldbb-ssh/build/src-bobby/hw-block/hwMicrophone.c ****     PORTA.OUTCLR = PIN0_bm;
 120               		.loc 1 52 0
 121 0056 9683      		std Z+6,r25
  53:/home/anaz/Desktop/oldbb-ssh/build/src-bobby/hw-block/hwMicrophone.c ****     PORTA.OUTCLR = PIN5_bm;
 122               		.loc 1 53 0
 123 0058 8683      		std Z+6,r24
  54:/home/anaz/Desktop/oldbb-ssh/build/src-bobby/hw-block/hwMicrophone.c **** 
  55:/home/anaz/Desktop/oldbb-ssh/build/src-bobby/hw-block/hwMicrophone.c ****     // reset as inputs
  56:/home/anaz/Desktop/oldbb-ssh/build/src-bobby/hw-block/hwMicrophone.c ****     PORTA.DIRCLR = PIN0_bm;
 124               		.loc 1 56 0
 125 005a 9283      		std Z+2,r25
  57:/home/anaz/Desktop/oldbb-ssh/build/src-bobby/hw-block/hwMicrophone.c ****     PORTA.DIRCLR = PIN5_bm;
 126               		.loc 1 57 0
 127 005c 8283      		std Z+2,r24
 128 005e 0895      		ret
 129               	.LFE7:
 131               	.global	__vector_71
 133               	__vector_71:
 134               	.LFB8:
  58:/home/anaz/Desktop/oldbb-ssh/build/src-bobby/hw-block/hwMicrophone.c **** 
  59:/home/anaz/Desktop/oldbb-ssh/build/src-bobby/hw-block/hwMicrophone.c **** }
  60:/home/anaz/Desktop/oldbb-ssh/build/src-bobby/hw-block/hwMicrophone.c **** 
  61:/home/anaz/Desktop/oldbb-ssh/build/src-bobby/hw-block/hwMicrophone.c **** ISR(ADCA_CH0_vect)
  62:/home/anaz/Desktop/oldbb-ssh/build/src-bobby/hw-block/hwMicrophone.c **** {
 135               		.loc 1 62 0
 136 0060 1F92      		push r1
 137               	.LCFI0:
 138 0062 0F92      		push r0
 139               	.LCFI1:
 140 0064 0FB6      		in r0,__SREG__
 141 0066 0F92      		push r0
 142 0068 1124      		clr __zero_reg__
 143 006a 0BB6      		in r0,__RAMPZ__
 144 006c 0F92      		push r0
 145 006e 2F93      		push r18
 146               	.LCFI2:
 147 0070 3F93      		push r19
 148               	.LCFI3:
 149 0072 4F93      		push r20
 150               	.LCFI4:
 151 0074 5F93      		push r21
 152               	.LCFI5:
 153 0076 6F93      		push r22
 154               	.LCFI6:
 155 0078 7F93      		push r23
 156               	.LCFI7:
 157 007a 8F93      		push r24
 158               	.LCFI8:
 159 007c 9F93      		push r25
 160               	.LCFI9:
 161 007e AF93      		push r26
 162               	.LCFI10:
 163 0080 BF93      		push r27
 164               	.LCFI11:
 165 0082 CF93      		push r28
 166               	.LCFI12:
 167 0084 DF93      		push r29
 168               	.LCFI13:
 169 0086 EF93      		push r30
 170               	.LCFI14:
 171 0088 FF93      		push r31
 172               	.LCFI15:
 173               	/* prologue: Signal */
 174               	/* frame size = 0 */
 175               	/* stack size = 18 */
 176               	.L__stack_usage = 18
  63:/home/anaz/Desktop/oldbb-ssh/build/src-bobby/hw-block/hwMicrophone.c ****     ADCA.CH0.INTFLAGS |= ADC_CH_CHIF_bm;
 177               		.loc 1 63 0
 178 008a C0E0      		ldi r28,0
 179 008c D2E0      		ldi r29,lo8(2)
 180 008e 8BA1      		ldd r24,Y+35
 181 0090 8160      		ori r24,lo8(1)
 182 0092 8BA3      		std Y+35,r24
  64:/home/anaz/Desktop/oldbb-ssh/build/src-bobby/hw-block/hwMicrophone.c ****     
  65:/home/anaz/Desktop/oldbb-ssh/build/src-bobby/hw-block/hwMicrophone.c ****     // update the data
  66:/home/anaz/Desktop/oldbb-ssh/build/src-bobby/hw-block/hwMicrophone.c ****     updateHWMic();
 183               		.loc 1 66 0
 184 0094 0E94 0000 		call updateHWMic
 185               	.LVL3:
  67:/home/anaz/Desktop/oldbb-ssh/build/src-bobby/hw-block/hwMicrophone.c **** 
  68:/home/anaz/Desktop/oldbb-ssh/build/src-bobby/hw-block/hwMicrophone.c ****     // restart the conversion
  69:/home/anaz/Desktop/oldbb-ssh/build/src-bobby/hw-block/hwMicrophone.c ****     ADCA.CH0.CTRL |= ADC_CH_START_bm;
 186               		.loc 1 69 0
 187 0098 88A1      		ldd r24,Y+32
 188 009a 8068      		ori r24,lo8(-128)
 189 009c 88A3      		std Y+32,r24
 190               	/* epilogue start */
  70:/home/anaz/Desktop/oldbb-ssh/build/src-bobby/hw-block/hwMicrophone.c **** }
 191               		.loc 1 70 0
 192 009e FF91      		pop r31
 193 00a0 EF91      		pop r30
 194 00a2 DF91      		pop r29
 195 00a4 CF91      		pop r28
 196 00a6 BF91      		pop r27
 197 00a8 AF91      		pop r26
 198 00aa 9F91      		pop r25
 199 00ac 8F91      		pop r24
 200 00ae 7F91      		pop r23
 201 00b0 6F91      		pop r22
 202 00b2 5F91      		pop r21
 203 00b4 4F91      		pop r20
 204 00b6 3F91      		pop r19
 205 00b8 2F91      		pop r18
 206 00ba 0F90      		pop r0
 207 00bc 0BBE      		out __RAMPZ__,r0
 208 00be 0F90      		pop r0
 209 00c0 0FBE      		out __SREG__,r0
 210 00c2 0F90      		pop r0
 211 00c4 1F90      		pop r1
 212 00c6 1895      		reti
 213               	.LFE8:
 361               	.Letext0:
 362               		.file 3 "/usr/lib/gcc/avr/4.7.2/../../../avr/include/stdint.h"
 363               		.file 4 "/usr/lib/gcc/avr/4.7.2/../../../avr/include/avr/iox256a3.h"
 364               		.file 5 "/home/anaz/Desktop/oldbb-ssh/build/src-bobby/system/microphone.bbh"
DEFINED SYMBOLS
                            *ABS*:0000000000000000 hwMicrophone.c
     /tmp/cc8ZPKvm.s:2      *ABS*:000000000000003e __SP_H__
     /tmp/cc8ZPKvm.s:3      *ABS*:000000000000003d __SP_L__
     /tmp/cc8ZPKvm.s:4      *ABS*:000000000000003f __SREG__
     /tmp/cc8ZPKvm.s:5      *ABS*:000000000000003b __RAMPZ__
     /tmp/cc8ZPKvm.s:6      *ABS*:0000000000000034 __CCP__
     /tmp/cc8ZPKvm.s:7      *ABS*:0000000000000000 __tmp_reg__
     /tmp/cc8ZPKvm.s:8      *ABS*:0000000000000001 __zero_reg__
     /tmp/cc8ZPKvm.s:13     .text:0000000000000000 updateHWMic
     /tmp/cc8ZPKvm.s:65     .text:0000000000000022 initHWMic
     /tmp/cc8ZPKvm.s:105    .text:000000000000004a rejuvenateHWMic
     /tmp/cc8ZPKvm.s:133    .text:0000000000000060 __vector_71

UNDEFINED SYMBOLS
_mic
