   1               		.file	"system.c"
   2               	__SP_H__ = 0x3e
   3               	__SP_L__ = 0x3d
   4               	__SREG__ = 0x3f
   5               	__RAMPZ__ = 0x3b
   6               	__CCP__ = 0x34
   7               	__tmp_reg__ = 0
   8               	__zero_reg__ = 1
   9               		.text
  10               	.Ltext0:
  11               		.section	.text.startup,"ax",@progbits
  12               	.global	main
  14               	main:
  15               	.LFB6:
  16               		.file 1 "/home/pthalamy/CMU/oldbb/build/src-bobby/hw-block/system.c"
   1:/home/pthalamy/CMU/oldbb/build/src-bobby/hw-block/system.c **** #include "system/system.h"
   2:/home/pthalamy/CMU/oldbb/build/src-bobby/hw-block/system.c **** 
   3:/home/pthalamy/CMU/oldbb/build/src-bobby/hw-block/system.c **** int main(void)
   4:/home/pthalamy/CMU/oldbb/build/src-bobby/hw-block/system.c **** {
  17               		.loc 1 4 0
  18               	/* prologue: function */
  19               	/* frame size = 0 */
  20               	/* stack size = 0 */
  21               	.L__stack_usage = 0
   5:/home/pthalamy/CMU/oldbb/build/src-bobby/hw-block/system.c **** 		return blockProgram();
  22               		.loc 1 5 0
  23 0000 0C94 0000 		jmp blockProgram
  24               	.LVL0:
  25               	.LFE6:
  53               	.Letext0:
  54               		.file 2 "/home/pthalamy/CMU/oldbb/build/src-bobby/system/system.bbh"
DEFINED SYMBOLS
                            *ABS*:0000000000000000 system.c
     /tmp/cc1qsSnh.s:2      *ABS*:000000000000003e __SP_H__
     /tmp/cc1qsSnh.s:3      *ABS*:000000000000003d __SP_L__
     /tmp/cc1qsSnh.s:4      *ABS*:000000000000003f __SREG__
     /tmp/cc1qsSnh.s:5      *ABS*:000000000000003b __RAMPZ__
     /tmp/cc1qsSnh.s:6      *ABS*:0000000000000034 __CCP__
     /tmp/cc1qsSnh.s:7      *ABS*:0000000000000000 __tmp_reg__
     /tmp/cc1qsSnh.s:8      *ABS*:0000000000000001 __zero_reg__
     /tmp/cc1qsSnh.s:14     .text.startup:0000000000000000 main

UNDEFINED SYMBOLS
blockProgram
